-----------------------------------------------------------------------------------------------------------------------------------------------------------------------------
      name:  clean_01
       log:  C:\Users\sethb\Documents\The Brosey Farm\GitHub repositories\The-Brosey-Farm\analytics\BFRproj\01_tbf_data_2023_cleaning.log
  log type:  text
 opened on:  26 Jul 2023, 16:32:02

. 
. 
. *************************************************************************************************
. ***                                                                                           ***
. *** Program name: 01_tbf_data_2023_cleaning.do                                                ***
. *** Project: TBF Market Garden 2023                                                                       ***
. *** Purpose: Clean TBF Market Garden 2023 data                                                ***    
. ***                                                                                                                                                                        
>        ***
. *** Contents:                                                                                             ***
. ***    0) SET UP CODE                                                                                         ***
. ***    I) LOAD RAW DATA                                                                       ***
. ***    II) MANAGE VARIABLES                                                                   ***
. ***    III) CLEAN DATA                                                                        ***
. ***    IV) DESCRIPTIVE STATISTICS                                                             ***
. ***                                                                                           ***
. *** Authors: Seth B. Morgan                                                                               ***
. *** Start date: July 12, 2023                                                                                                     ***
. *** Last date modified: July 26, 2023                                                         ***
. ***                                                                                           ***
. *** Notes:                                                                                    ***
. ***                                                                                           ***
. ***                                                                                           ***
. *************************************************************************************************
. 
. clear all

. version 18.0

. set more off

. set varabbrev off

. pause off

. 
. 
. *=========================================================================================
. * 0) SET UP CODE
. *=========================================================================================      
. 
. /* Set seed */
.         set seed 7122023

.         
. /* Define globals */
. 
.         *Root
.         global root "C:\Users\sethb\Documents\The Brosey Farm\GitHub repositories\The-Brosey-Farm\analytics\BFRproj"

.     adopath ++ "$root"
  [1]              "C:\Users\sethb\Documents\The Brosey Farm\GitHub repositories\The-Brosey-Farm\analytics\BFRproj"
  [2]  (BASE)      "C:\Program Files\Stata18\ado\base/"
  [3]  (SITE)      "C:\Program Files\Stata18\ado\site/"
  [4]              "."
  [5]  (PERSONAL)  "C:\Users\sethb\ado\personal/"
  [6]  (PLUS)      "C:\Users\sethb\ado\plus/"
  [7]  (OLDPLACE)  "c:\ado/"

.     
. 
. *=========================================================================================
. * I) LOAD RAW DATA 
. *=========================================================================================
. 
.         /* Load raw data */
.         import excel "$root\Brosey Farming.xlsx", sheet("data_2023") firstrow clear
(105 vars, 998 obs)

.         keep crop-notes

.         drop if missing(crop)
(971 observations deleted)

.         ds 
crop          sow_to_ger~s  sow_fer~me_1  sow_fer~me_3  transp_dat~1  fert_typ~k_1  fert_amnt_~2  path_date_1   path_date_2   path_date_3   harvest_am~1  harvest_da~4
sow_type      sow_no_thi~r  sow_fer~se_1  sow_fer~se_3  transp_med_1  fert_typ~e_1  fert_unit_2   path_~pe_1_1  path_~pe_2_1  path_~pe_3_1  harvest_un~1  harvest_am~4
sow_date      sow_heatmat   sow_fer~te_2  sow_fer~te_4  transp_n~t_1  fert_date_1   fert_typ~k_3  path_~te_1_1  path_~te_2_1  path_~te_3_1  harvest_da~2  harvest_un~4
sow_med       sow_heatma~p  sow_fert~k_2  sow_fert~k_4  transp_n~d_1  fert_amnt_~1  fert_typ~e_3  path_~pe_1_2  path_~pe_2_2  path_~pe_3_2  harvest_am~2  harvest_da~5
sow_cell      sow_light_~s  sow_fer~me_2  sow_fer~me_4  transp_dat~2  fert_unit_1   fert_date_3   path_~te_1_2  path_~te_2_2  path_~te_3_2  harvest_un~2  harvest_am~5
sow_no_cel~l  sow_light_~e  sow_fer~se_2  sow_fer~se_4  transp_med_2  fert_typ~k_2  fert_amnt_~3  path_~pe_1_3  path_~pe_2_3  path_~pe_3_3  harvest_da~3  harvest_un~5
sow_no_see~r  sow_fer~te_1  sow_fer~te_3  transp_har~t  transp_n~t_2  fert_typ~e_2  fert_unit_3   path_~te_1_3  path_~te_2_3  path_~te_3_3  harvest_am~3  notes
sow_no_ger~r  sow_fert~k_1  sow_fert~k_3  transp_har~d  transp_n~d_2  fert_date_2   path_type_1   path_type_2   path_type_3   harvest_da~1  harvest_un~3

.         
.         /* Save raw TBF Market Garden 2023 data */
.         save "$root\tbf_market_garden_data_2023_raw.dta", replace
file C:\Users\sethb\Documents\The Brosey Farm\GitHub repositories\The-Brosey-Farm\analytics\BFRproj\tbf_market_garden_data_2023_raw.dta saved

.         
.    
. *=========================================================================================
. * II) MANAGE VARIABLES
. *=========================================================================================  
. 
.         /* Manage variable type */
.         tostring *type*, replace // All "type" variables are intended to be character strings. Empty "type" variables are read in as byte numeric. Convert those to charact
> er strings.
sow_type already string; no replace
sow_light_type already string; no replace
sow_fert_type_npk_1 already string; no replace
sow_fert_type_name_1 already string; no replace
sow_fert_type_npk_2 already string; no replace
sow_fert_type_name_2 already string; no replace
sow_fert_type_npk_3 already string; no replace
sow_fert_type_name_3 already string; no replace
sow_fert_type_npk_4 already string; no replace
sow_fert_type_name_4 already string; no replace
fert_type_npk_1 already string; no replace
fert_type_name_1 already string; no replace
fert_type_npk_2 was byte now str1
fert_type_name_2 was byte now str1
fert_type_npk_3 was byte now str1
fert_type_name_3 was byte now str1
path_type_1 already string; no replace
path_ipm_type_1_1 already string; no replace
path_ipm_type_1_2 was byte now str1
path_ipm_type_1_3 was byte now str1
path_type_2 already string; no replace
path_ipm_type_2_1 already string; no replace
path_ipm_type_2_2 was byte now str1
path_ipm_type_2_3 was byte now str1
path_type_3 was byte now str1
path_ipm_type_3_1 already string; no replace
path_ipm_type_3_2 was byte now str1
path_ipm_type_3_3 was byte now str1

.         
.         /* Manage date variables */
.         foreach var of varlist *date* {
  2.                 
.         }

.         
.         /* Convert categorical strings into categorical numerics */
.         local cat_str_list crop sow_med *type*

.         tab1 `cat_str_list', missing

-> tabulation of crop  

                           crop |      Freq.     Percent        Cum.
--------------------------------+-----------------------------------
         arrugula- garden tangy |          2        7.41        7.41
                   basil- sweet |          1        3.70       11.11
            bean- fin de bagnol |          2        7.41       18.52
                carrot- touchon |          2        7.41       25.93
                       cilantro |          1        3.70       29.63
                     dill- hera |          2        7.41       37.04
         eggplant- black beauty |          1        3.70       40.74
                 kale- lacinato |          1        3.70       44.44
         lettuce- gourmet blend |          1        3.70       48.15
                pepper- anaheim |          1        3.70       51.85
        pepper- jalapeno- early |          1        3.70       55.56
       pepper- sweet- ca wonder |          1        3.70       59.26
              pumpkin- ct field |          2        7.41       66.67
               sage- broad leaf |          1        3.70       70.37
             sunflower- mammoth |          2        7.41       77.78
  sweet corn- country gentleman |          2        7.41       85.19
sweet corn- ornamental- glas gm |          2        7.41       92.59
                  tomato- amish |          1        3.70       96.30
                   tomato- roma |          1        3.70      100.00
--------------------------------+-----------------------------------
                          Total |         27      100.00

-> tabulation of sow_med  

           sow_med |      Freq.     Percent        Cum.
-------------------+-----------------------------------
 raised bed- frame |          5       18.52       18.52
raised bed- ground |         12       44.44       62.96
          soilless |         10       37.04      100.00
-------------------+-----------------------------------
             Total |         27      100.00

-> tabulation of sow_type  

    sow_type |      Freq.     Percent        Cum.
-------------+-----------------------------------
 indoor seed |         10       37.04       37.04
outdoor seed |         17       62.96      100.00
-------------+-----------------------------------
       Total |         27      100.00

-> tabulation of sow_light_type  

sow_light_t |
        ype |      Freq.     Percent        Cum.
------------+-----------------------------------
            |         17       62.96       62.96
    45w led |         10       37.04      100.00
------------+-----------------------------------
      Total |         27      100.00

-> tabulation of sow_fert_type_npk_1  

sow_fert_ty |
   pe_npk_1 |      Freq.     Percent        Cum.
------------+-----------------------------------
            |         17       62.96       62.96
      2-2-2 |         10       37.04      100.00
------------+-----------------------------------
      Total |         27      100.00

-> tabulation of sow_fert_type_name_1  

 sow_fert_type_name_1 |      Freq.     Percent        Cum.
----------------------+-----------------------------------
                      |         17       62.96       62.96
Espoma- Organic Grow! |         10       37.04      100.00
----------------------+-----------------------------------
                Total |         27      100.00

-> tabulation of sow_fert_type_npk_2  

sow_fert_ty |
   pe_npk_2 |      Freq.     Percent        Cum.
------------+-----------------------------------
            |         17       62.96       62.96
      2-2-2 |         10       37.04      100.00
------------+-----------------------------------
      Total |         27      100.00

-> tabulation of sow_fert_type_name_2  

 sow_fert_type_name_2 |      Freq.     Percent        Cum.
----------------------+-----------------------------------
                      |         17       62.96       62.96
Espoma- Organic Grow! |         10       37.04      100.00
----------------------+-----------------------------------
                Total |         27      100.00

-> tabulation of sow_fert_type_npk_3  

sow_fert_ty |
   pe_npk_3 |      Freq.     Percent        Cum.
------------+-----------------------------------
            |         17       62.96       62.96
      2-2-2 |         10       37.04      100.00
------------+-----------------------------------
      Total |         27      100.00

-> tabulation of sow_fert_type_name_3  

 sow_fert_type_name_3 |      Freq.     Percent        Cum.
----------------------+-----------------------------------
                      |         17       62.96       62.96
Espoma- Organic Grow! |         10       37.04      100.00
----------------------+-----------------------------------
                Total |         27      100.00

-> tabulation of sow_fert_type_npk_4  

sow_fert_ty |
   pe_npk_4 |      Freq.     Percent        Cum.
------------+-----------------------------------
            |         19       70.37       70.37
      2-2-2 |          8       29.63      100.00
------------+-----------------------------------
      Total |         27      100.00

-> tabulation of sow_fert_type_name_4  

 sow_fert_type_name_4 |      Freq.     Percent        Cum.
----------------------+-----------------------------------
                      |         19       70.37       70.37
Espoma- Organic Grow! |          8       29.63      100.00
----------------------+-----------------------------------
                Total |         27      100.00

-> tabulation of fert_type_npk_1  

fert_type_n |
       pk_1 |      Freq.     Percent        Cum.
------------+-----------------------------------
            |         13       48.15       48.15
      3-4-4 |         10       37.04       85.19
      3-4-6 |          2        7.41       92.59
     4-12-0 |          2        7.41      100.00
------------+-----------------------------------
      Total |         27      100.00

-> tabulation of fert_type_name_1  

           fert_type_name_1 |      Freq.     Percent        Cum.
----------------------------+-----------------------------------
                            |         13       48.15       48.15
  Espoma- Organic Bone Meal |          2        7.41       55.56
Espoma- Organic Garden-tone |         10       37.04       92.59
Espoma- Organic Tomato-tone |          2        7.41      100.00
----------------------------+-----------------------------------
                      Total |         27      100.00

-> tabulation of fert_type_npk_2  

fert_type_n |
       pk_2 |      Freq.     Percent        Cum.
------------+-----------------------------------
          . |         27      100.00      100.00
------------+-----------------------------------
      Total |         27      100.00

-> tabulation of fert_type_name_2  

fert_type_n |
      ame_2 |      Freq.     Percent        Cum.
------------+-----------------------------------
          . |         27      100.00      100.00
------------+-----------------------------------
      Total |         27      100.00

-> tabulation of fert_type_npk_3  

fert_type_n |
       pk_3 |      Freq.     Percent        Cum.
------------+-----------------------------------
          . |         27      100.00      100.00
------------+-----------------------------------
      Total |         27      100.00

-> tabulation of fert_type_name_3  

fert_type_n |
      ame_3 |      Freq.     Percent        Cum.
------------+-----------------------------------
          . |         27      100.00      100.00
------------+-----------------------------------
      Total |         27      100.00

-> tabulation of path_type_1  

   path_type_1 |      Freq.     Percent        Cum.
---------------+-----------------------------------
               |         24       88.89       88.89
 cabbage worms |          1        3.70       92.59
cut/horn worms |          1        3.70       96.30
  flea beetles |          1        3.70      100.00
---------------+-----------------------------------
         Total |         27      100.00

-> tabulation of path_ipm_type_1_1  

path_ipm_ty |
     pe_1_1 |      Freq.     Percent        Cum.
------------+-----------------------------------
            |         24       88.89       88.89
     manual |          3       11.11      100.00
------------+-----------------------------------
      Total |         27      100.00

-> tabulation of path_ipm_type_1_2  

path_ipm_ty |
     pe_1_2 |      Freq.     Percent        Cum.
------------+-----------------------------------
          . |         27      100.00      100.00
------------+-----------------------------------
      Total |         27      100.00

-> tabulation of path_ipm_type_1_3  

path_ipm_ty |
     pe_1_3 |      Freq.     Percent        Cum.
------------+-----------------------------------
          . |         27      100.00      100.00
------------+-----------------------------------
      Total |         27      100.00

-> tabulation of path_type_2  

     path_type_2 |      Freq.     Percent        Cum.
-----------------+-----------------------------------
                 |         25       92.59       92.59
  cut/horn worms |          1        3.70       96.30
japanese beetles |          1        3.70      100.00
-----------------+-----------------------------------
           Total |         27      100.00

-> tabulation of path_ipm_type_2_1  

path_ipm_ty |
     pe_2_1 |      Freq.     Percent        Cum.
------------+-----------------------------------
            |         25       92.59       92.59
     manual |          2        7.41      100.00
------------+-----------------------------------
      Total |         27      100.00

-> tabulation of path_ipm_type_2_2  

path_ipm_ty |
     pe_2_2 |      Freq.     Percent        Cum.
------------+-----------------------------------
          . |         27      100.00      100.00
------------+-----------------------------------
      Total |         27      100.00

-> tabulation of path_ipm_type_2_3  

path_ipm_ty |
     pe_2_3 |      Freq.     Percent        Cum.
------------+-----------------------------------
          . |         27      100.00      100.00
------------+-----------------------------------
      Total |         27      100.00

-> tabulation of path_type_3  

path_type_3 |      Freq.     Percent        Cum.
------------+-----------------------------------
          . |         27      100.00      100.00
------------+-----------------------------------
      Total |         27      100.00

-> tabulation of path_ipm_type_3_1  

path_ipm_ty |
     pe_3_1 |      Freq.     Percent        Cum.
------------+-----------------------------------
            |         26       96.30       96.30
 2023-07-25 |          1        3.70      100.00
------------+-----------------------------------
      Total |         27      100.00

-> tabulation of path_ipm_type_3_2  

path_ipm_ty |
     pe_3_2 |      Freq.     Percent        Cum.
------------+-----------------------------------
          . |         27      100.00      100.00
------------+-----------------------------------
      Total |         27      100.00

-> tabulation of path_ipm_type_3_3  

path_ipm_ty |
     pe_3_3 |      Freq.     Percent        Cum.
------------+-----------------------------------
          . |         27      100.00      100.00
------------+-----------------------------------
      Total |         27      100.00

.         foreach var of varlist `cat_str_list' {
  2.                 if `var'=="." continue
  3.                 encode (`var'), generate(`var'_code)
  4.                 tablist `var' `var'_code, sort(variable) ab(32)
  5.                 tablist `var' `var'_code, sort(variable) nolabel ab(32)
  6.                 local varlab : variable label `var'
  7.                 label variable `var'_code "`varlab'- code"
  8.                 order `var'_code, after(`var')
  9.                 *pause
.         }

  +---------------------------------------------------------------------------------------------------------+
  |                            crop                         crop_code   _Freq_   _Perc_   _CFreq_   _CPerc_ |
  |---------------------------------------------------------------------------------------------------------|
  |               pumpkin- ct field                 pumpkin- ct field        2     7.41         2      7.41 |
  |                      dill- hera                        dill- hera        2     7.41         4     14.81 |
  |              sunflower- mammoth                sunflower- mammoth        2     7.41         6     22.22 |
  |                 carrot- touchon                   carrot- touchon        2     7.41         8     29.63 |
  |   sweet corn- country gentleman     sweet corn- country gentleman        2     7.41        10     37.04 |
  |---------------------------------------------------------------------------------------------------------|
  | sweet corn- ornamental- glas gm   sweet corn- ornamental- glas gm        2     7.41        12     44.44 |
  |             bean- fin de bagnol               bean- fin de bagnol        2     7.41        14     51.85 |
  |          arrugula- garden tangy            arrugula- garden tangy        2     7.41        16     59.26 |
  |                    basil- sweet                      basil- sweet        1     3.70        17     62.96 |
  |          eggplant- black beauty            eggplant- black beauty        1     3.70        18     66.67 |
  |---------------------------------------------------------------------------------------------------------|
  |                        cilantro                          cilantro        1     3.70        19     70.37 |
  |                  kale- lacinato                    kale- lacinato        1     3.70        20     74.07 |
  |          lettuce- gourmet blend            lettuce- gourmet blend        1     3.70        21     77.78 |
  |                 pepper- anaheim                   pepper- anaheim        1     3.70        22     81.48 |
  |         pepper- jalapeno- early           pepper- jalapeno- early        1     3.70        23     85.19 |
  |---------------------------------------------------------------------------------------------------------|
  |                sage- broad leaf                  sage- broad leaf        1     3.70        24     88.89 |
  |                    tomato- roma                      tomato- roma        1     3.70        25     92.59 |
  |        pepper- sweet- ca wonder          pepper- sweet- ca wonder        1     3.70        26     96.30 |
  |                   tomato- amish                     tomato- amish        1     3.70        27    100.00 |
  +---------------------------------------------------------------------------------------------------------+

  +-----------------------------------------------------------------------------------+
  |                            crop   crop_code   _Freq_   _Perc_   _CFreq_   _CPerc_ |
  |-----------------------------------------------------------------------------------|
  |   sweet corn- country gentleman          16        2     7.41         2      7.41 |
  | sweet corn- ornamental- glas gm          17        2     7.41         4     14.81 |
  |                      dill- hera           6        2     7.41         6     22.22 |
  |              sunflower- mammoth          15        2     7.41         8     29.63 |
  |                 carrot- touchon           4        2     7.41        10     37.04 |
  |-----------------------------------------------------------------------------------|
  |          arrugula- garden tangy           1        2     7.41        12     44.44 |
  |               pumpkin- ct field          13        2     7.41        14     51.85 |
  |             bean- fin de bagnol           3        2     7.41        16     59.26 |
  |                    tomato- roma          19        1     3.70        17     62.96 |
  |                 pepper- anaheim          10        1     3.70        18     66.67 |
  |-----------------------------------------------------------------------------------|
  |                  kale- lacinato           8        1     3.70        19     70.37 |
  |        pepper- sweet- ca wonder          12        1     3.70        20     74.07 |
  |         pepper- jalapeno- early          11        1     3.70        21     77.78 |
  |          lettuce- gourmet blend           9        1     3.70        22     81.48 |
  |                        cilantro           5        1     3.70        23     85.19 |
  |-----------------------------------------------------------------------------------|
  |          eggplant- black beauty           7        1     3.70        24     88.89 |
  |                sage- broad leaf          14        1     3.70        25     92.59 |
  |                    basil- sweet           2        1     3.70        26     96.30 |
  |                   tomato- amish          18        1     3.70        27    100.00 |
  +-----------------------------------------------------------------------------------+

  +-------------------------------------------------------------------------------+
  |            sow_med         sow_med_code   _Freq_   _Perc_   _CFreq_   _CPerc_ |
  |-------------------------------------------------------------------------------|
  | raised bed- ground   raised bed- ground       12    44.44        12     44.44 |
  |           soilless             soilless       10    37.04        22     81.48 |
  |  raised bed- frame    raised bed- frame        5    18.52        27    100.00 |
  +-------------------------------------------------------------------------------+

  +-------------------------------------------------------------------------+
  |            sow_med   sow_med_code   _Freq_   _Perc_   _CFreq_   _CPerc_ |
  |-------------------------------------------------------------------------|
  | raised bed- ground              2       12    44.44        12     44.44 |
  |           soilless              3       10    37.04        22     81.48 |
  |  raised bed- frame              1        5    18.52        27    100.00 |
  +-------------------------------------------------------------------------+

  +--------------------------------------------------------------------+
  |     sow_type   sow_type_code   _Freq_   _Perc_   _CFreq_   _CPerc_ |
  |--------------------------------------------------------------------|
  | outdoor seed    outdoor seed       17    62.96        17     62.96 |
  |  indoor seed     indoor seed       10    37.04        27    100.00 |
  +--------------------------------------------------------------------+

  +--------------------------------------------------------------------+
  |     sow_type   sow_type_code   _Freq_   _Perc_   _CFreq_   _CPerc_ |
  |--------------------------------------------------------------------|
  | outdoor seed               2       17    62.96        17     62.96 |
  |  indoor seed               1       10    37.04        27    100.00 |
  +--------------------------------------------------------------------+

  +----------------------------------------------------------------------------+
  | sow_light_type   sow_light_type_code   _Freq_   _Perc_   _CFreq_   _CPerc_ |
  |----------------------------------------------------------------------------|
  |                                    .       17    62.96        17     62.96 |
  |        45w led               45w led       10    37.04        27    100.00 |
  +----------------------------------------------------------------------------+

  +----------------------------------------------------------------------------+
  | sow_light_type   sow_light_type_code   _Freq_   _Perc_   _CFreq_   _CPerc_ |
  |----------------------------------------------------------------------------|
  |                                    .       17    62.96        17     62.96 |
  |        45w led                     1       10    37.04        27    100.00 |
  +----------------------------------------------------------------------------+

  +--------------------------------------------------------------------------------------+
  | sow_fert_type_npk_1   sow_fert_type_npk_1_code   _Freq_   _Perc_   _CFreq_   _CPerc_ |
  |--------------------------------------------------------------------------------------|
  |                                              .       17    62.96        17     62.96 |
  |               2-2-2                      2-2-2       10    37.04        27    100.00 |
  +--------------------------------------------------------------------------------------+

  +--------------------------------------------------------------------------------------+
  | sow_fert_type_npk_1   sow_fert_type_npk_1_code   _Freq_   _Perc_   _CFreq_   _CPerc_ |
  |--------------------------------------------------------------------------------------|
  |                                              .       17    62.96        17     62.96 |
  |               2-2-2                          1       10    37.04        27    100.00 |
  +--------------------------------------------------------------------------------------+

  +-----------------------------------------------------------------------------------------+
  |  sow_fert_type_name_1   sow_fert_type_name_1_code   _Freq_   _Perc_   _CFreq_   _CPerc_ |
  |-----------------------------------------------------------------------------------------|
  |                                                 .       17    62.96        17     62.96 |
  | Espoma- Organic Grow!       Espoma- Organic Grow!       10    37.04        27    100.00 |
  +-----------------------------------------------------------------------------------------+

  +-----------------------------------------------------------------------------------------+
  |  sow_fert_type_name_1   sow_fert_type_name_1_code   _Freq_   _Perc_   _CFreq_   _CPerc_ |
  |-----------------------------------------------------------------------------------------|
  |                                                 .       17    62.96        17     62.96 |
  | Espoma- Organic Grow!                           1       10    37.04        27    100.00 |
  +-----------------------------------------------------------------------------------------+

  +--------------------------------------------------------------------------------------+
  | sow_fert_type_npk_2   sow_fert_type_npk_2_code   _Freq_   _Perc_   _CFreq_   _CPerc_ |
  |--------------------------------------------------------------------------------------|
  |                                              .       17    62.96        17     62.96 |
  |               2-2-2                      2-2-2       10    37.04        27    100.00 |
  +--------------------------------------------------------------------------------------+

  +--------------------------------------------------------------------------------------+
  | sow_fert_type_npk_2   sow_fert_type_npk_2_code   _Freq_   _Perc_   _CFreq_   _CPerc_ |
  |--------------------------------------------------------------------------------------|
  |                                              .       17    62.96        17     62.96 |
  |               2-2-2                          1       10    37.04        27    100.00 |
  +--------------------------------------------------------------------------------------+

  +-----------------------------------------------------------------------------------------+
  |  sow_fert_type_name_2   sow_fert_type_name_2_code   _Freq_   _Perc_   _CFreq_   _CPerc_ |
  |-----------------------------------------------------------------------------------------|
  |                                                 .       17    62.96        17     62.96 |
  | Espoma- Organic Grow!       Espoma- Organic Grow!       10    37.04        27    100.00 |
  +-----------------------------------------------------------------------------------------+

  +-----------------------------------------------------------------------------------------+
  |  sow_fert_type_name_2   sow_fert_type_name_2_code   _Freq_   _Perc_   _CFreq_   _CPerc_ |
  |-----------------------------------------------------------------------------------------|
  |                                                 .       17    62.96        17     62.96 |
  | Espoma- Organic Grow!                           1       10    37.04        27    100.00 |
  +-----------------------------------------------------------------------------------------+

  +--------------------------------------------------------------------------------------+
  | sow_fert_type_npk_3   sow_fert_type_npk_3_code   _Freq_   _Perc_   _CFreq_   _CPerc_ |
  |--------------------------------------------------------------------------------------|
  |                                              .       17    62.96        17     62.96 |
  |               2-2-2                      2-2-2       10    37.04        27    100.00 |
  +--------------------------------------------------------------------------------------+

  +--------------------------------------------------------------------------------------+
  | sow_fert_type_npk_3   sow_fert_type_npk_3_code   _Freq_   _Perc_   _CFreq_   _CPerc_ |
  |--------------------------------------------------------------------------------------|
  |                                              .       17    62.96        17     62.96 |
  |               2-2-2                          1       10    37.04        27    100.00 |
  +--------------------------------------------------------------------------------------+

  +-----------------------------------------------------------------------------------------+
  |  sow_fert_type_name_3   sow_fert_type_name_3_code   _Freq_   _Perc_   _CFreq_   _CPerc_ |
  |-----------------------------------------------------------------------------------------|
  |                                                 .       17    62.96        17     62.96 |
  | Espoma- Organic Grow!       Espoma- Organic Grow!       10    37.04        27    100.00 |
  +-----------------------------------------------------------------------------------------+

  +-----------------------------------------------------------------------------------------+
  |  sow_fert_type_name_3   sow_fert_type_name_3_code   _Freq_   _Perc_   _CFreq_   _CPerc_ |
  |-----------------------------------------------------------------------------------------|
  |                                                 .       17    62.96        17     62.96 |
  | Espoma- Organic Grow!                           1       10    37.04        27    100.00 |
  +-----------------------------------------------------------------------------------------+

  +--------------------------------------------------------------------------------------+
  | sow_fert_type_npk_4   sow_fert_type_npk_4_code   _Freq_   _Perc_   _CFreq_   _CPerc_ |
  |--------------------------------------------------------------------------------------|
  |                                              .       19    70.37        19     70.37 |
  |               2-2-2                      2-2-2        8    29.63        27    100.00 |
  +--------------------------------------------------------------------------------------+

  +--------------------------------------------------------------------------------------+
  | sow_fert_type_npk_4   sow_fert_type_npk_4_code   _Freq_   _Perc_   _CFreq_   _CPerc_ |
  |--------------------------------------------------------------------------------------|
  |                                              .       19    70.37        19     70.37 |
  |               2-2-2                          1        8    29.63        27    100.00 |
  +--------------------------------------------------------------------------------------+

  +-----------------------------------------------------------------------------------------+
  |  sow_fert_type_name_4   sow_fert_type_name_4_code   _Freq_   _Perc_   _CFreq_   _CPerc_ |
  |-----------------------------------------------------------------------------------------|
  |                                                 .       19    70.37        19     70.37 |
  | Espoma- Organic Grow!       Espoma- Organic Grow!        8    29.63        27    100.00 |
  +-----------------------------------------------------------------------------------------+

  +-----------------------------------------------------------------------------------------+
  |  sow_fert_type_name_4   sow_fert_type_name_4_code   _Freq_   _Perc_   _CFreq_   _CPerc_ |
  |-----------------------------------------------------------------------------------------|
  |                                                 .       19    70.37        19     70.37 |
  | Espoma- Organic Grow!                           1        8    29.63        27    100.00 |
  +-----------------------------------------------------------------------------------------+

  +------------------------------------------------------------------------------+
  | fert_type_npk_1   fert_type_npk_1_code   _Freq_   _Perc_   _CFreq_   _CPerc_ |
  |------------------------------------------------------------------------------|
  |                                      .       13    48.15        13     48.15 |
  |           3-4-4                  3-4-4       10    37.04        23     85.19 |
  |           3-4-6                  3-4-6        2     7.41        25     92.59 |
  |          4-12-0                 4-12-0        2     7.41        27    100.00 |
  +------------------------------------------------------------------------------+

  +------------------------------------------------------------------------------+
  | fert_type_npk_1   fert_type_npk_1_code   _Freq_   _Perc_   _CFreq_   _CPerc_ |
  |------------------------------------------------------------------------------|
  |                                      .       13    48.15        13     48.15 |
  |           3-4-4                      1       10    37.04        23     85.19 |
  |           3-4-6                      2        2     7.41        25     92.59 |
  |          4-12-0                      3        2     7.41        27    100.00 |
  +------------------------------------------------------------------------------+

  +-------------------------------------------------------------------------------------------------+
  |            fert_type_name_1         fert_type_name_1_code   _Freq_   _Perc_   _CFreq_   _CPerc_ |
  |-------------------------------------------------------------------------------------------------|
  |                                                         .       13    48.15        13     48.15 |
  | Espoma- Organic Garden-tone   Espoma- Organic Garden-tone       10    37.04        23     85.19 |
  | Espoma- Organic Tomato-tone   Espoma- Organic Tomato-tone        2     7.41        25     92.59 |
  |   Espoma- Organic Bone Meal     Espoma- Organic Bone Meal        2     7.41        27    100.00 |
  +-------------------------------------------------------------------------------------------------+

  +-------------------------------------------------------------------------------------------+
  |            fert_type_name_1   fert_type_name_1_code   _Freq_   _Perc_   _CFreq_   _CPerc_ |
  |-------------------------------------------------------------------------------------------|
  |                                                   .       13    48.15        13     48.15 |
  | Espoma- Organic Garden-tone                       2       10    37.04        23     85.19 |
  | Espoma- Organic Tomato-tone                       3        2     7.41        25     92.59 |
  |   Espoma- Organic Bone Meal                       1        2     7.41        27    100.00 |
  +-------------------------------------------------------------------------------------------+

  +-------------------------------------------------------------------------+
  |    path_type_1   path_type_1_code   _Freq_   _Perc_   _CFreq_   _CPerc_ |
  |-------------------------------------------------------------------------|
  |                                 .       24    88.89        24     88.89 |
  | cut/horn worms     cut/horn worms        1     3.70        25     92.59 |
  |   flea beetles       flea beetles        1     3.70        26     96.30 |
  |  cabbage worms      cabbage worms        1     3.70        27    100.00 |
  +-------------------------------------------------------------------------+

  +-------------------------------------------------------------------------+
  |    path_type_1   path_type_1_code   _Freq_   _Perc_   _CFreq_   _CPerc_ |
  |-------------------------------------------------------------------------|
  |                                 .       24    88.89        24     88.89 |
  |  cabbage worms                  1        1     3.70        25     92.59 |
  |   flea beetles                  3        1     3.70        26     96.30 |
  | cut/horn worms                  2        1     3.70        27    100.00 |
  +-------------------------------------------------------------------------+

  +----------------------------------------------------------------------------------+
  | path_ipm_type_1_1   path_ipm_type_1_1_code   _Freq_   _Perc_   _CFreq_   _CPerc_ |
  |----------------------------------------------------------------------------------|
  |                                          .       24    88.89        24     88.89 |
  |            manual                   manual        3    11.11        27    100.00 |
  +----------------------------------------------------------------------------------+

  +----------------------------------------------------------------------------------+
  | path_ipm_type_1_1   path_ipm_type_1_1_code   _Freq_   _Perc_   _CFreq_   _CPerc_ |
  |----------------------------------------------------------------------------------|
  |                                          .       24    88.89        24     88.89 |
  |            manual                        1        3    11.11        27    100.00 |
  +----------------------------------------------------------------------------------+

  +---------------------------------------------------------------------------+
  |      path_type_2   path_type_2_code   _Freq_   _Perc_   _CFreq_   _CPerc_ |
  |---------------------------------------------------------------------------|
  |                                   .       25    92.59        25     92.59 |
  | japanese beetles   japanese beetles        1     3.70        26     96.30 |
  |   cut/horn worms     cut/horn worms        1     3.70        27    100.00 |
  +---------------------------------------------------------------------------+

  +---------------------------------------------------------------------------+
  |      path_type_2   path_type_2_code   _Freq_   _Perc_   _CFreq_   _CPerc_ |
  |---------------------------------------------------------------------------|
  |                                   .       25    92.59        25     92.59 |
  | japanese beetles                  2        1     3.70        26     96.30 |
  |   cut/horn worms                  1        1     3.70        27    100.00 |
  +---------------------------------------------------------------------------+

  +----------------------------------------------------------------------------------+
  | path_ipm_type_2_1   path_ipm_type_2_1_code   _Freq_   _Perc_   _CFreq_   _CPerc_ |
  |----------------------------------------------------------------------------------|
  |                                          .       25    92.59        25     92.59 |
  |            manual                   manual        2     7.41        27    100.00 |
  +----------------------------------------------------------------------------------+

  +----------------------------------------------------------------------------------+
  | path_ipm_type_2_1   path_ipm_type_2_1_code   _Freq_   _Perc_   _CFreq_   _CPerc_ |
  |----------------------------------------------------------------------------------|
  |                                          .       25    92.59        25     92.59 |
  |            manual                        1        2     7.41        27    100.00 |
  +----------------------------------------------------------------------------------+

  +----------------------------------------------------------------------------------+
  | path_ipm_type_3_1   path_ipm_type_3_1_code   _Freq_   _Perc_   _CFreq_   _CPerc_ |
  |----------------------------------------------------------------------------------|
  |                                          .       26    96.30        26     96.30 |
  |        2023-07-25               2023-07-25        1     3.70        27    100.00 |
  +----------------------------------------------------------------------------------+

  +----------------------------------------------------------------------------------+
  | path_ipm_type_3_1   path_ipm_type_3_1_code   _Freq_   _Perc_   _CFreq_   _CPerc_ |
  |----------------------------------------------------------------------------------|
  |                                          .       26    96.30        26     96.30 |
  |        2023-07-25                        1        1     3.70        27    100.00 |
  +----------------------------------------------------------------------------------+

.         
.         /* Add variable labels */
.         include "$root\02_tbf_data_2023_labels.do" // This program creates the variable labels.

. /******************************************************************************
> * Copyright (C) The Brosey Farm, LLC. 
> * This code cannot be copied, distributed or used without the express written permission
> * of The Brosey Farm 
> *******************************************************************************/
. 
. 
. *************************************************************************************************
. ***                                                                                           ***
. *** Program name: 02_tbf_data_2023_labels.do                                                  ***
. *** Project: TBF Market Garden 2023                                                                       ***
. *** Purpose: Create variable labels for TBF Market Garden 2023 data                           ***    
. ***                                                                                                                                                                        
>        ***
. *** Contents:                                                                                             ***
. ***    0) SET UP CODE                                                                                         ***
. ***    I) CREATE VARIABLE LABELS                                                              ***
. ***                                                                                           ***
. *** Authors: Seth B. Morgan                                                                               ***
. *** Start date: July 13, 2023                                                                                                     ***
. *** Last date modified: July 26, 2023                                                         ***
. ***                                                                                           ***
. *** Notes:                                                                                    ***
. ***   This program will be used as an include file in 01_tbf_data_2023_cleaning.do            ***
. ***                                                                                           ***
. *************************************************************************************************
. 
. 
. capture log close labels_02

. log using "C:\Users\sethb\Documents\The Brosey Farm\GitHub repositories\The-Brosey-Farm\analytics\BFRproj\02_tbf_data_2023_labels.log", replace name(labels_02)
-----------------------------------------------------------------------------------------------------------------------------------------------------------------------------
      name:  labels_02
       log:  C:\Users\sethb\Documents\The Brosey Farm\GitHub repositories\The-Brosey-Farm\analytics\BFRproj\02_tbf_data_2023_labels.log
  log type:  text
 opened on:  26 Jul 2023, 16:32:03

. 
. 
. *=========================================================================================
. * I) CREATE VARIABLE LABELS    
. *=========================================================================================
.         
.         label variable crop "crop type"

.         label variable sow_type "seed sowing type"

.         label variable sow_date "seed sowing date"

.         label variable sow_med "seed sowing medium"

.         label variable sow_cell "seed sowing cell type"

.         label variable sow_no_cellrowhill "number of cells/rows/hills sown"

.         label variable sow_no_seed_per "number of seeds sown per cell/row/hill" 

.         label variable sow_no_germ_per "number of seeds germinated per cell/row/hill" 

.         label variable sow_to_germ25_days "number of days to germination (25%)" 

.         label variable sow_no_thin_per "number of seedlings per cell/row/hill after thinning" 

.         label variable sow_heatmat "heat mat used to germinate seedlings" 

.         label variable sow_heatmat_temp "temperature (F) of heat mat used to germinate seedlings" 

.         label variable sow_light_hrs "number of hours of lighting" 

.         label variable sow_light_type "lighting type"

.         
.         /* Indoor fertilizing */
.         forval x=1/4 {
  2.                 label variable sow_fert_date_`x' "date of fertilizer applied to indoor seedlings: round `x'"
  3.                 label variable sow_fert_type_npk_`x' "npk of fertilizer applied to indoor seedlings: round `x'"
  4.                 label variable sow_fert_type_name_`x' "name of fertilizer applied to indoor seedlings: round `x'"
  5.                 label variable sow_fert_dose_`x' "dose of fertilizer applied to indoor seedlings: round `x'"
  6.         }

.         
.         /* Transplanting */
.         label variable transp_harden_date_srt "transplant harden off start date"

.         label variable transp_harden_date_end "transplant harden off end date"

.         
.         forval x=1/2 {
  2.                 label variable transp_date_`x' "transplant date: round `x'"
  3.                 label variable transp_med_`x' "transplant medium: round `x'"
  4.                 label variable transp_no_srt_`x' "starting number of transplants: round `x'"
  5.                 label variable transp_no_end_`x' "ending number of transplants: round `x'"
  6.         }

.         
.         /* Outdoor fertilizing */
.         forval x=1/3 {
  2.                 label variable fert_type_npk_`x' "npk of fertilizer applied to indoor seedlings: round `x'"
  3.                 label variable fert_type_name_`x' "name of fertilizer applied to indoor seedlings: round `x'"
  4.                 label variable fert_date_`x' "date of fertilizer applied to crop: round `x'"
  5.                 label variable fert_amnt_per_`x' "amount of fertilizer applied per plant: round `x'"
  6.                 label variable fert_unit_`x' "unit of fertilizer applied to crop: round `x'"
  7.         }

.         
.         /* Pest management */
.         forval x=1/3 {
  2.                 label variable path_type_`x' "pathogen type: pathogen `x'"
  3.                 label variable path_date_`x' "pathogen date: pathogen `x'"
  4.                 forval y=1/3 {
  5.                         label variable path_ipm_type_`x'_`y' "ipm type, type `y': pathogen `x'"
  6.                         label variable path_ipm_date_`x'_`y' "ipm date, type `y': pathogen `x'"
  7.                 }
  8.         }

.         
.         /* Harvesting */
.         forval x=1/5 {
  2.                 label variable harvest_date_`x' "date of harvest: round `x'"
  3.                 label variable harvest_amnt_`x' "harvested amount (wet): round `x'"
  4.                 label variable harvest_unit_`x' "unit of harvest: round `x'"
  5.         }

.         
. log close labels_02
      name:  labels_02
       log:  C:\Users\sethb\Documents\The Brosey Farm\GitHub repositories\The-Brosey-Farm\analytics\BFRproj\02_tbf_data_2023_labels.log
  log type:  text
 closed on:  26 Jul 2023, 16:32:03
-----------------------------------------------------------------------------------------------------------------------------------------------------------------------------

. 
.         
.     
. *=========================================================================================
. * III) CLEAN DATA
. *=========================================================================================     
. 
.         /* Clean missing values */
.         
.                 *-> Seedlings variables: *sow* transp*
.                 foreach var of varlist sow_cell sow_heatmat-transp_no_end_2 { // These variables should be missing if the crop was direct seeded in the garden versus indoo
> r seeding.
  2.                         assert missing(`var') if inlist(sow_med_code, 1, 2)
  3.                         capture confirm numeric variable `var'
  4.                         if _rc==0 replace `var'= .s if inlist(sow_med_code, 1, 2)
  5.                         else replace `var'= ".s" if inlist(sow_med_code, 1, 2)
  6.                 }
(17 real changes made, 17 to missing)
(17 real changes made)
(17 real changes made, 17 to missing)
(17 real changes made, 17 to missing)
(17 real changes made)
(17 real changes made, 17 to missing)
(17 real changes made)
(17 real changes made)
(17 real changes made, 17 to missing)
(17 real changes made)
(17 real changes made, 17 to missing)
(17 real changes made)
(17 real changes made)
(17 real changes made)
(17 real changes made, 17 to missing)
(17 real changes made)
(17 real changes made, 17 to missing)
(17 real changes made)
(17 real changes made)
(17 real changes made)
(17 real changes made, 17 to missing)
(17 real changes made)
(17 real changes made, 17 to missing)
(17 real changes made)
(17 real changes made)
(17 real changes made)
(17 real changes made, 17 to missing)
(17 real changes made)
(17 real changes made, 17 to missing)
(17 real changes made)
(17 real changes made)
(17 real changes made)
(17 real changes made)
(17 real changes made)
(17 real changes made, 17 to missing)
(17 real changes made, 17 to missing)
(17 real changes made)
(17 real changes made)
(17 real changes made, 17 to missing)
(17 real changes made, 17 to missing)

. 
.         /* Save clean TBF Market Garden 2023 data */
.         save "$root\tbf_market_garden_data_2023_clean.dta", replace
file C:\Users\sethb\Documents\The Brosey Farm\GitHub repositories\The-Brosey-Farm\analytics\BFRproj\tbf_market_garden_data_2023_clean.dta saved

.         
.  
. *=========================================================================================
. * IV) DESCRIPTIVE STATISTICS
. *=========================================================================================     
.         
.         describe

Contains data from C:\Users\sethb\Documents\The Brosey Farm\GitHub repositories\The-Brosey-Farm\analytics\BFRproj\tbf_market_garden_data_2023_clean.dta
 Observations:            27                  
    Variables:           114                  26 Jul 2023 16:32
-----------------------------------------------------------------------------------------------------------------------------------------------------------------------------
Variable      Storage   Display    Value
    name         type    format    label      Variable label
-----------------------------------------------------------------------------------------------------------------------------------------------------------------------------
crop            str31   %31s                  crop type
crop_code       long    %31.0g     crop_code
                                              crop- code
sow_type        str12   %12s                  seed sowing type
sow_type_code   long    %12.0g     sow_type_code
                                              sow_type- code
sow_date        str10   %10s                  seed sowing date
sow_med         str18   %18s                  seed sowing medium
sow_med_code    long    %18.0g     sow_med_code
                                              sow_med- code
sow_cell        byte    %10.0g                seed sowing cell type
sow_no_cellro~l byte    %10.0g                number of cells/rows/hills sown
sow_no_seed_per byte    %10.0g                number of seeds sown per cell/row/hill
sow_no_germ_per double  %10.0g                number of seeds germinated per cell/row/hill
sow_to_germ25~s byte    %10.0g                number of days to germination (25%)
sow_no_thin_per double  %10.0g                number of seedlings per cell/row/hill after thinning
sow_heatmat     str3    %9s                   heat mat used to germinate seedlings
sow_heatmat_t~p byte    %10.0g                temperature (F) of heat mat used to germinate seedlings
sow_light_hrs   byte    %10.0g                number of hours of lighting
sow_light_type  str7    %9s                   lighting type
sow_light_ty~de long    %8.0g      sow_light_type_code
                                              sow_light_type- code
sow_fert_date_1 str10   %10s                  date of fertilizer applied to indoor seedlings: round 1
sow_fert_ty~k_1 str5    %9s                   npk of fertilizer applied to indoor seedlings: round 1
sow_fe~k_1_code long    %8.0g      sow_fert_type_npk_1_code
                                              sow_fert_type_npk_1- code
sow_fert_ty~e_1 str21   %21s                  name of fertilizer applied to indoor seedlings: round 1
sow_fe~e_1_code long    %21.0g     sow_fert_type_name_1_code
                                              sow_fert_type_name_1- code
sow_fert_dose_1 str4    %9s                   dose of fertilizer applied to indoor seedlings: round 1
sow_fert_date_2 str10   %10s                  date of fertilizer applied to indoor seedlings: round 2
sow_fert_ty~k_2 str5    %9s                   npk of fertilizer applied to indoor seedlings: round 2
sow_fe~k_2_code long    %8.0g      sow_fert_type_npk_2_code
                                              sow_fert_type_npk_2- code
sow_fert_ty~e_2 str21   %21s                  name of fertilizer applied to indoor seedlings: round 2
sow_fe~e_2_code long    %21.0g     sow_fert_type_name_2_code
                                              sow_fert_type_name_2- code
sow_fert_dose_2 str4    %9s                   dose of fertilizer applied to indoor seedlings: round 2
sow_fert_date_3 str10   %10s                  date of fertilizer applied to indoor seedlings: round 3
sow_fert_ty~k_3 str5    %9s                   npk of fertilizer applied to indoor seedlings: round 3
sow_fe~k_3_code long    %8.0g      sow_fert_type_npk_3_code
                                              sow_fert_type_npk_3- code
sow_fert_ty~e_3 str21   %21s                  name of fertilizer applied to indoor seedlings: round 3
sow_fe~e_3_code long    %21.0g     sow_fert_type_name_3_code
                                              sow_fert_type_name_3- code
sow_fert_dose_3 str4    %9s                   dose of fertilizer applied to indoor seedlings: round 3
sow_fert_date_4 str10   %10s                  date of fertilizer applied to indoor seedlings: round 4
sow_fert_ty~k_4 str5    %9s                   npk of fertilizer applied to indoor seedlings: round 4
sow_fe~k_4_code long    %8.0g      sow_fert_type_npk_4_code
                                              sow_fert_type_npk_4- code
sow_fert_ty~e_4 str21   %21s                  name of fertilizer applied to indoor seedlings: round 4
sow_fe~e_4_code long    %21.0g     sow_fert_type_name_4_code
                                              sow_fert_type_name_4- code
sow_fert_dose_4 str4    %9s                   dose of fertilizer applied to indoor seedlings: round 4
transp_harden~t str10   %10s                  transplant harden off start date
transp_harden~d str10   %10s                  transplant harden off end date
transp_date_1   str10   %10s                  transplant date: round 1
transp_med_1    str17   %17s                  transplant medium: round 1
transp_no_srt_1 byte    %10.0g                starting number of transplants: round 1
transp_no_end_1 byte    %10.0g                ending number of transplants: round 1
transp_date_2   str10   %10s                  transplant date: round 2
transp_med_2    str18   %18s                  transplant medium: round 2
transp_no_srt_2 byte    %10.0g                starting number of transplants: round 2
transp_no_end_2 byte    %10.0g                ending number of transplants: round 2
fert_type_npk_1 str6    %9s                   npk of fertilizer applied to indoor seedlings: round 1
fert_type_npk~e long    %8.0g      fert_type_npk_1_code
                                              fert_type_npk_1- code
fert_type_nam~1 str27   %27s                  name of fertilizer applied to indoor seedlings: round 1
fert_type_nam~e long    %27.0g     fert_type_name_1_code
                                              fert_type_name_1- code
fert_date_1     str10   %10s                  date of fertilizer applied to crop: round 1
fert_amnt_per_1 double  %10.0g                amount of fertilizer applied per plant: round 1
fert_unit_1     str3    %9s                   unit of fertilizer applied to crop: round 1
fert_type_npk_2 str1    %9s                   npk of fertilizer applied to indoor seedlings: round 2
fert_type_nam~2 str1    %9s                   name of fertilizer applied to indoor seedlings: round 2
fert_date_2     byte    %10.0g                date of fertilizer applied to crop: round 2
fert_amnt_per_2 byte    %10.0g                amount of fertilizer applied per plant: round 2
fert_unit_2     byte    %10.0g                unit of fertilizer applied to crop: round 2
fert_type_npk_3 str1    %9s                   npk of fertilizer applied to indoor seedlings: round 3
fert_type_nam~3 str1    %9s                   name of fertilizer applied to indoor seedlings: round 3
fert_date_3     byte    %10.0g                date of fertilizer applied to crop: round 3
fert_amnt_per_3 byte    %10.0g                amount of fertilizer applied per plant: round 3
fert_unit_3     byte    %10.0g                unit of fertilizer applied to crop: round 3
path_type_1     str14   %14s                  pathogen type: pathogen 1
path_type_1_c~e long    %14.0g     path_type_1_code
                                              path_type_1- code
path_date_1     str10   %10s                  pathogen date: pathogen 1
path_ipm_ty~1_1 str6    %9s                   ipm type, type 1: pathogen 1
path_i~1_1_code long    %8.0g      path_ipm_type_1_1_code
                                              path_ipm_type_1_1- code
path_ipm_da~1_1 str3    %9s                   ipm date, type 1: pathogen 1
path_ipm_ty~1_2 str1    %9s                   ipm type, type 2: pathogen 1
path_ipm_da~1_2 byte    %10.0g                ipm date, type 2: pathogen 1
path_ipm_ty~1_3 str1    %9s                   ipm type, type 3: pathogen 1
path_ipm_da~1_3 byte    %10.0g                ipm date, type 3: pathogen 1
path_type_2     str16   %16s                  pathogen type: pathogen 2
path_type_2_c~e long    %16.0g     path_type_2_code
                                              path_type_2- code
path_date_2     str10   %10s                  pathogen date: pathogen 2
path_ipm_ty~2_1 str6    %9s                   ipm type, type 1: pathogen 2
path_i~2_1_code long    %8.0g      path_ipm_type_2_1_code
                                              path_ipm_type_2_1- code
path_ipm_da~2_1 str3    %9s                   ipm date, type 1: pathogen 2
path_ipm_ty~2_2 str1    %9s                   ipm type, type 2: pathogen 2
path_ipm_da~2_2 byte    %10.0g                ipm date, type 2: pathogen 2
path_ipm_ty~2_3 str1    %9s                   ipm type, type 3: pathogen 2
path_ipm_da~2_3 byte    %10.0g                ipm date, type 3: pathogen 2
path_type_3     str1    %9s                   pathogen type: pathogen 3
path_date_3     str12   %12s                  pathogen date: pathogen 3
path_ipm_ty~3_1 str10   %10s                  ipm type, type 1: pathogen 3
path_i~3_1_code long    %10.0g     path_ipm_type_3_1_code
                                              path_ipm_type_3_1- code
path_ipm_da~3_1 byte    %10.0g                ipm date, type 1: pathogen 3
path_ipm_ty~3_2 str1    %9s                   ipm type, type 2: pathogen 3
path_ipm_da~3_2 byte    %10.0g                ipm date, type 2: pathogen 3
path_ipm_ty~3_3 str1    %9s                   ipm type, type 3: pathogen 3
path_ipm_da~3_3 byte    %10.0g                ipm date, type 3: pathogen 3
harvest_date_1  int     %td                   date of harvest: round 1
harvest_amnt_1  double  %10.0g                harvested amount (wet): round 1
harvest_unit_1  str6    %9s                   unit of harvest: round 1
harvest_date_2  byte    %10.0g                date of harvest: round 2
harvest_amnt_2  byte    %10.0g                harvested amount (wet): round 2
harvest_unit_2  byte    %10.0g                unit of harvest: round 2
harvest_date_3  byte    %10.0g                date of harvest: round 3
harvest_amnt_3  byte    %10.0g                harvested amount (wet): round 3
harvest_unit_3  byte    %10.0g                unit of harvest: round 3
harvest_date_4  byte    %10.0g                date of harvest: round 4
harvest_amnt_4  byte    %10.0g                harvested amount (wet): round 4
harvest_unit_4  byte    %10.0g                unit of harvest: round 4
harvest_date_5  byte    %10.0g                date of harvest: round 5
harvest_amnt_5  byte    %10.0g                harvested amount (wet): round 5
harvest_unit_5  byte    %10.0g                unit of harvest: round 5
notes           str209  %209s                 notes
-----------------------------------------------------------------------------------------------------------------------------------------------------------------------------
Sorted by: 

. 
. 
. log close _all
      name:  clean_01
       log:  C:\Users\sethb\Documents\The Brosey Farm\GitHub repositories\The-Brosey-Farm\analytics\BFRproj\01_tbf_data_2023_cleaning.log
  log type:  text
 closed on:  26 Jul 2023, 16:32:03
-----------------------------------------------------------------------------------------------------------------------------------------------------------------------------
