---------------------------------------------------------------------------------------------------------------------------------------
      name:  labels_02
       log:  C:\Users\sethb\Documents\The Brosey Farm\GitHub repositories\The-Brosey-Farm\analytics\BFRproj\02_tbf_data_2023_labels.log
  log type:  text
 opened on:  14 Jul 2023, 00:25:27

. 
. 
. *=========================================================================================
. * I) CREATE VARIABLE LABELS    
. *=========================================================================================
. 
.         label variable crop "crop type"

.         label variable sow_type "seed sowing type"

.         label variable sow_date "seed sowing date"

.         label variable sow_med "seed sowing medium"

.         label variable sow_cell "seed sowing cell type"

.         label variable sow_no_cellrowhill "number of cells/rows/hills sown"

.         label variable sow_no_seed_per "number of seeds sown per cell/row/hill" 

.         label variable sow_no_germ_per "number of seeds germinated per cell/row/hill" 

.         label variable sow_to_germ25_days "number of days to germination (25%)" 

.         label variable sow_no_thin_per "number of seedlings per cell/row/hill after thinning" 

.         label variable sow_heatmat "heat mat used to germinate seedlings" 

.         label variable sow_heatmat_temp "temperature (F) of heat mat used to germinate seedlings" 

.         label variable sow_light_hrs "number of hours of lighting" 

.         label variable sow_light_type "lighting type"

.         
.         forval x=1/4 {
  2.                 label variable sow_fert_date_`x' "date of fertilizer applied to indoor seedlings: round `x'"
  3.                 label variable sow_fert_type_`x' "type of fertilizer applied to indoor seedlings: round `x'"
  4.                 label variable sow_fert_dose_`x' "dose of fertilizer applied to indoor seedlings: round `x'"
  5.         }

.         
.         label variable transp_harden_date_srt "transplant harden off start date"

.         label variable transp_harden_date_end "transplant harden off end date"

.         
.         forval x=1/2 {
  2.                 label variable transp_date_`x' "transplant date: round `x'"
  3.                 label variable transp_med_`x' "transplant medium: round `x'"
  4.                 label variable transp_no_srt_`x' "starting number of transplants: round `x'"
  5.                 label variable transp_no_end_`x' "ending number of transplants: round `x'"
  6.         }

.         
.         forval x=1/3 {
  2.                 label variable fert_type_`x' "type of fertilizer applied to crop: round `x'"
  3.                 label variable fert_date_`x' "date of fertilizer applied to crop: round `x'"
  4.                 label variable fert_amnt_per_`x' "amount of fertilizer applied per plant: round `x'"
  5.                 label variable fert_unit_`x' "unit of fertilizer applied to crop: round `x'"
  6.         }

.         
.         forval x=1/2 {
  2.                 label variable path_type_`x' "pathogen type: pathogen `x'"
  3.                 label variable path_date_`x' "pathogen date: pathogen `x'"
  4.                 forval y=1/3 {
  5.                         label variable path_ipm_type_`x'_`y' "ipm type, type `y': pathogen `x'"
  6.                         label variable path_ipm_date_`x'_`y' "ipm date, type `y': pathogen `x'"
  7.                 }
  8.         }

.         
.         
. log close labels_02
      name:  labels_02
       log:  C:\Users\sethb\Documents\The Brosey Farm\GitHub repositories\The-Brosey-Farm\analytics\BFRproj\02_tbf_data_2023_labels.log
  log type:  text
 closed on:  14 Jul 2023, 00:25:27
---------------------------------------------------------------------------------------------------------------------------------------
