-----------------------------------------------------------------------------------------------------------------------------------------------------------------
      name:  clean_01
       log:  C:\Users\sethb\Documents\The Brosey Farm\GitHub repositories\The-Brosey-Farm\analytics\Stata_programs\04_tbf_data_2023_merge.log
  log type:  text
 opened on:  20 Sep 2023, 13:58:00

. 
. 
. *************************************************************************************************
. ***                                                                                           ***
. *** Program name: 04_tbf_data_2023_merge.do                                                   ***
. *** Project: TBF Market Garden 2023                                                                       ***
. *** Purpose: Merge TBF Market Garden 2023 data and sales                                      ***    
. ***                                                                                                                                                            
>                    ***
. *** Contents:                                                                                             ***
. ***    0) SET UP CODE                                                                                         ***
. ***    I)                                                                        ***
. ***    II)                                                                    ***
. ***    III)                                                                         ***
. ***    IV)                                                              ***
. ***                                                                                           ***
. *** Authors: Seth B. Morgan                                                                               ***
. *** Start date: September 20, 2023                                                                                            ***
. *** Last date modified: September 20, 2023                                                    ***
. ***                                                                                           ***
. *** Notes:                                                                                    ***
. ***                                                                                           ***
. ***                                                                                           ***
. *************************************************************************************************
. 
. clear all

. version 18.0

. set more off

. set varabbrev off

. pause off

. 
. 
. *=========================================================================================
. * 0) SET UP CODE
. *=========================================================================================      
. 
. /* Set seed */
.         set seed 7122023

.         
. /* Define globals */
. 
.         *Root
.         global root "C:\Users\sethb\Documents\The Brosey Farm\GitHub repositories\The-Brosey-Farm\analytics"

.     adopath ++ "$root"
  [1]              "C:\Users\sethb\Documents\The Brosey Farm\GitHub repositories\The-Brosey-Farm\analytics"
  [2]  (BASE)      "C:\Program Files\Stata18\ado\base/"
  [3]  (SITE)      "C:\Program Files\Stata18\ado\site/"
  [4]              "."
  [5]  (PERSONAL)  "C:\Users\sethb\ado\personal/"
  [6]  (PLUS)      "C:\Users\sethb\ado\plus/"
  [7]  (OLDPLACE)  "c:\ado/"

.     
. 
. *=========================================================================================
. * I) 
. *=========================================================================================
.         
.         /* Load raw data */
.         *use "$root\clean_data\tbf_market_garden_data_2023_clean.dta", clear
.         
. 
.         *merge  "$root\clean_data\tbf_market_garden_sales_2023_clean.dta", replace
.         
.    
. *=========================================================================================
. * II) 
. *=========================================================================================  
. 
.         /* Save raw TBF Market Garden 2023 data */
.         *save "$root\raw_data\tbf_market_garden_data&sales_2023_clean.dta", replace
.     
. 
. 
. 
. log close _all
      name:  clean_01
       log:  C:\Users\sethb\Documents\The Brosey Farm\GitHub repositories\The-Brosey-Farm\analytics\Stata_programs\04_tbf_data_2023_merge.log
  log type:  text
 closed on:  20 Sep 2023, 13:58:00
-----------------------------------------------------------------------------------------------------------------------------------------------------------------
