-------------------------------------------------------------------------------------------------------------------------------------------------------------------------------------------------------------------------------------------------------
      name:  analysis_16
       log:  C:\Users\sethb\Documents\The Brosey Farm\GitHub repositories\The-Brosey-Farm\analytics\Stata_programs\16_tbf_data_2023_analysis.log
  log type:  text
 opened on:  14 Aug 2025, 12:39:57

. 
. 
. *************************************************************************************************
. ***                                                                                           ***
. *** Program name: 16_tbf_data_2023_analysis.do                                                ***
. *** Project: TBF Market Garden 2023                                                                       ***
. *** Purpose: Analyze TBF Market Garden 2023 crop and sales data                               ***    
. ***                                                                                                                                                                               ***
. *** Contents:                                                                                             ***
. ***    0) SET UP CODE                                                                                         ***
. ***    I) MERGE SALES DATA TO CROP DATA                                                       ***
. ***    II) ANALYSIS (TBD)                                                                     ***
. ***                                                                                           ***
. *** Authors: Seth B. Morgan                                                                               ***
. *** Start date: September 20, 2023                                                                                            ***
. *** Last date modified: August 14, 2025                                                       ***
. ***                                                                                           ***
. *** Notes:                                                                                    ***
. ***                                                                                           ***
. ***                                                                                           ***
. *************************************************************************************************
. 
. clear all

. version 18.0

. set more off

. set varabbrev off

. pause off

. 
. 
. *=========================================================================================
. * 0) SET UP CODE
. *=========================================================================================      
. 
. /* Set seed */
.         set seed 7122023

.         
. /* Define globals */
. 
.         *Root
.         global root "C:\Users\sethb\Documents\The Brosey Farm\GitHub repositories\The-Brosey-Farm\analytics"

.     adopath ++ "$root"
  [1]              "C:\Users\sethb\Documents\The Brosey Farm\GitHub repositories\The-Brosey-Farm\analytics"
  [2]  (BASE)      "C:\Program Files\StataNow19\ado\base/"
  [3]  (SITE)      "C:\Program Files\StataNow19\ado\site/"
  [4]              "."
  [5]  (PERSONAL)  "C:\Users\sethb\ado\personal/"
  [6]  (PLUS)      "C:\Users\sethb\ado\plus/"
  [7]  (OLDPLACE)  "c:\ado/"

.     
. 
. *=========================================================================================
. * I) MERGE SALES DATA TO CROP DATA
. *=========================================================================================
.         
.         /* Load and merge cleaned crop and sales data with indicators */
.         use "$root\modified_data\tbf_market_garden_data_2023_clean_indicators.dta", clear

.         merge m:1 crop_code using "$root\modified_data\tbf_market_garden_sales_2023_clean_indicators.dta", assert(1 3)

    Result                      Number of obs
    -----------------------------------------
    Not matched                            13
        from master                        13  (_merge==1)
        from using                          0  (_merge==2)

    Matched                                20  (_merge==3)
    -----------------------------------------

.         tablist _merge crop crop_code, sort(v) ab(32) nolabel

  +------------------------------------------------------------------------------------------------+
  | _merge                                  crop   crop_code   _Freq_   _Perc_   _CFreq_   _CPerc_ |
  |------------------------------------------------------------------------------------------------|
  |      1                arrugula- garden tangy           1        2     6.06         2      6.06 |
  |      1                          basil- sweet           2        1     3.03         3      9.09 |
  |      1                            dill- hera           7        2     6.06         5     15.15 |
  |      1   garlic- german extra hardy hardneck           9        1     3.03         6     18.18 |
  |      1                        kale- lacinato          10        2     6.06         8     24.24 |
  |------------------------------------------------------------------------------------------------|
  |      1                lettuce- gourmet blend          11        2     6.06        10     30.30 |
  |      1                      sage- broad leaf          19        1     3.03        11     33.33 |
  |      1                    sunflower- mammoth          20        2     6.06        13     39.39 |
  |      3                   bean- fin de bagnol           3        2     6.06        15     45.45 |
  |      3                       carrot- touchon           4        2     6.06        17     51.52 |
  |------------------------------------------------------------------------------------------------|
  |      3                              cilantro           5        1     3.03        18     54.55 |
  |      3           corn- ornamental, glass gem           6        2     6.06        20     60.61 |
  |      3                eggplant- black beauty           8        1     3.03        21     63.64 |
  |      3                       pepper- anaheim          12        1     3.03        22     66.67 |
  |      3              pepper- califonia wonder          13        1     3.03        23     69.70 |
  |------------------------------------------------------------------------------------------------|
  |      3                        pepper- ghost           14        1     3.03        24     72.73 |
  |      3                      pepper- habanero          15        1     3.03        25     75.76 |
  |      3               pepper- jalapeno, early          16        1     3.03        26     78.79 |
  |      3                  pepper- sweet banana          17        1     3.03        27     81.82 |
  |      3            pumpkin- connecticut field          18        2     6.06        29     87.88 |
  |------------------------------------------------------------------------------------------------|
  |      3         sweet corn- country gentleman          21        2     6.06        31     93.94 |
  |      3                         tomato- amish          22        1     3.03        32     96.97 |
  |      3                          tomato- roma          23        1     3.03        33    100.00 |
  +------------------------------------------------------------------------------------------------+

.         foreach var of varlist *sale_* {
  2.                 capture confirm string variable `var'
  3.                 if _rc==0 replace `var'= ".s" if _merge==1
  4.                 else replace `var'= .s if _merge==1
  5.         }
(13 real changes made)
(13 real changes made, 13 to missing)
(13 real changes made, 13 to missing)

.         drop _merge

.         
.         /* Save TBF 2023 Crop and Sales Analysis File */
.         isid crop sow_date

.         quietly compress

.         save "$root\modified_data\tbf_market_garden_crop_sales_analysis.dta", replace
file C:\Users\sethb\Documents\The Brosey Farm\GitHub repositories\The-Brosey-Farm\analytics\modified_data\tbf_market_garden_crop_sales_analysis.dta saved

.         
.    
. *=========================================================================================
. * II) ANALYSIS (TBD)
. *=========================================================================================  
. 
.         /* Harvest */
.         foreach var of varlist c_harvest_no_plant c_harvest_total_wtoz c_harvest_total_wtlb c_harvest_total_unit c_harvest_total_unit_* {
  2.                 display as input _n(2) "Harvest: `var'"
  3.                 table crop , stat(sum `var')
  4.         }


Harvest: c_harvest_no_plant

----------------------------------------------
                                      |  Total
--------------------------------------+-------
crop type                             |       
  arrugula- garden tangy              |     55
  basil- sweet                        |      6
  bean- fin de bagnol                 |     27
  carrot- touchon                     |    114
  cilantro                            |     27
  corn- ornamental, glass gem         |    140
  dill- hera                          |     20
  eggplant- black beauty              |      9
  garlic- german extra hardy hardneck |      0
  kale- lacinato                      |     12
  lettuce- gourmet blend              |     56
  pepper- anaheim                     |      8
  pepper- califonia wonder            |     18
  pepper- ghost                       |      1
  pepper- habanero                    |      1
  pepper- jalapeno, early             |     10
  pepper- sweet banana                |      6
  pumpkin- connecticut field          |     26
  sage- broad leaf                    |      3
  sunflower- mammoth                  |     70
  sweet corn- country gentleman       |    140
  tomato- amish                       |     12
  tomato- roma                        |     18
  Total                               |    779
----------------------------------------------


Harvest: c_harvest_total_wtoz

----------------------------------------------
                                      |  Total
--------------------------------------+-------
crop type                             |       
  arrugula- garden tangy              |      0
  basil- sweet                        |      0
  bean- fin de bagnol                 |  157.5
  carrot- touchon                     |    160
  cilantro                            |      0
  corn- ornamental, glass gem         |      0
  dill- hera                          |      0
  eggplant- black beauty              |      0
  garlic- german extra hardy hardneck |      0
  kale- lacinato                      |      0
  lettuce- gourmet blend              |      0
  pepper- anaheim                     |  471.5
  pepper- califonia wonder            |    731
  pepper- ghost                       |     24
  pepper- habanero                    |     29
  pepper- jalapeno, early             |    413
  pepper- sweet banana                |      0
  pumpkin- connecticut field          |      0
  sage- broad leaf                    |      0
  sunflower- mammoth                  |      0
  sweet corn- country gentleman       |      0
  tomato- amish                       |  3,620
  tomato- roma                        |  3,744
  Total                               |  9,350
----------------------------------------------


Harvest: c_harvest_total_wtlb

------------------------------------------------
                                      |    Total
--------------------------------------+---------
crop type                             |         
  arrugula- garden tangy              |        0
  basil- sweet                        |        0
  bean- fin de bagnol                 |  9.84375
  carrot- touchon                     |       10
  cilantro                            |        0
  corn- ornamental, glass gem         |        0
  dill- hera                          |        0
  eggplant- black beauty              |        0
  garlic- german extra hardy hardneck |        0
  kale- lacinato                      |        0
  lettuce- gourmet blend              |        0
  pepper- anaheim                     |  29.4688
  pepper- califonia wonder            |  45.6875
  pepper- ghost                       |      1.5
  pepper- habanero                    |   1.8125
  pepper- jalapeno, early             |  25.8125
  pepper- sweet banana                |        0
  pumpkin- connecticut field          |        0
  sage- broad leaf                    |        0
  sunflower- mammoth                  |        0
  sweet corn- country gentleman       |        0
  tomato- amish                       |   226.25
  tomato- roma                        |      234
  Total                               |  584.375
------------------------------------------------


Harvest: c_harvest_total_unit

----------------------------------------------
                                      |  Total
--------------------------------------+-------
crop type                             |       
  arrugula- garden tangy              |      0
  basil- sweet                        |      0
  bean- fin de bagnol                 |      0
  carrot- touchon                     |      0
  cilantro                            |      0
  corn- ornamental, glass gem         |      0
  dill- hera                          |      0
  eggplant- black beauty              |      0
  garlic- german extra hardy hardneck |      0
  kale- lacinato                      |      0
  lettuce- gourmet blend              |      0
  pepper- anaheim                     |      0
  pepper- califonia wonder            |      0
  pepper- ghost                       |      0
  pepper- habanero                    |      0
  pepper- jalapeno, early             |      0
  pepper- sweet banana                |      0
  pumpkin- connecticut field          |      0
  sage- broad leaf                    |      0
  sunflower- mammoth                  |      0
  sweet corn- country gentleman       |      0
  tomato- amish                       |      0
  tomato- roma                        |      0
  Total                               |      0
----------------------------------------------


Harvest: c_harvest_total_unit_sml

----------------------------------------------
                                      |  Total
--------------------------------------+-------
crop type                             |       
  arrugula- garden tangy              |      0
  basil- sweet                        |      0
  bean- fin de bagnol                 |      0
  carrot- touchon                     |      0
  cilantro                            |      0
  corn- ornamental, glass gem         |      0
  dill- hera                          |      0
  eggplant- black beauty              |      0
  garlic- german extra hardy hardneck |      0
  kale- lacinato                      |      0
  lettuce- gourmet blend              |      0
  pepper- anaheim                     |      0
  pepper- califonia wonder            |      0
  pepper- ghost                       |      0
  pepper- habanero                    |      0
  pepper- jalapeno, early             |      0
  pepper- sweet banana                |      0
  pumpkin- connecticut field          |      0
  sage- broad leaf                    |      0
  sunflower- mammoth                  |      0
  sweet corn- country gentleman       |      0
  tomato- amish                       |      0
  tomato- roma                        |      0
  Total                               |      0
----------------------------------------------


Harvest: c_harvest_total_unit_med

----------------------------------------------
                                      |  Total
--------------------------------------+-------
crop type                             |       
  arrugula- garden tangy              |      0
  basil- sweet                        |      0
  bean- fin de bagnol                 |      0
  carrot- touchon                     |      0
  cilantro                            |      0
  corn- ornamental, glass gem         |      0
  dill- hera                          |      0
  eggplant- black beauty              |      0
  garlic- german extra hardy hardneck |      0
  kale- lacinato                      |      0
  lettuce- gourmet blend              |      0
  pepper- anaheim                     |      0
  pepper- califonia wonder            |      0
  pepper- ghost                       |      0
  pepper- habanero                    |      0
  pepper- jalapeno, early             |      0
  pepper- sweet banana                |      0
  pumpkin- connecticut field          |      0
  sage- broad leaf                    |      0
  sunflower- mammoth                  |      0
  sweet corn- country gentleman       |      0
  tomato- amish                       |      0
  tomato- roma                        |      0
  Total                               |      0
----------------------------------------------


Harvest: c_harvest_total_unit_lrg

----------------------------------------------
                                      |  Total
--------------------------------------+-------
crop type                             |       
  arrugula- garden tangy              |      0
  basil- sweet                        |      0
  bean- fin de bagnol                 |      0
  carrot- touchon                     |      0
  cilantro                            |      0
  corn- ornamental, glass gem         |      0
  dill- hera                          |      0
  eggplant- black beauty              |      0
  garlic- german extra hardy hardneck |      0
  kale- lacinato                      |      0
  lettuce- gourmet blend              |      0
  pepper- anaheim                     |      0
  pepper- califonia wonder            |      0
  pepper- ghost                       |      0
  pepper- habanero                    |      0
  pepper- jalapeno, early             |      0
  pepper- sweet banana                |      0
  pumpkin- connecticut field          |      0
  sage- broad leaf                    |      0
  sunflower- mammoth                  |      0
  sweet corn- country gentleman       |      0
  tomato- amish                       |      0
  tomato- roma                        |      0
  Total                               |      0
----------------------------------------------

.         
.         /* Sales */
.         foreach var of varlist c_sale_value_crop_usd {
  2.                 display as input _n(2) "Harvest: `var'"
  3.                 table sale_location , stat(sum `var')
  4.         }


Harvest: c_sale_value_crop_usd

--------------------------------------
                              |  Total
------------------------------+-------
sale location                 |       
  New Carlisle Farmers Market |    395
  .s                          |      0
  Total                       |    395
--------------------------------------

.         summarize c_sale_value_tot_usd, detail  

                 sale value (dollars)- total
-------------------------------------------------------------
      Percentiles      Smallest
 1%          585            585
 5%          585            585
10%          585            585       Obs                  20
25%          585            585       Sum of wgt.          20

50%          585                      Mean                585
                        Largest       Std. dev.             0
75%          585            585
90%          585            585       Variance              0
95%          585            585       Skewness              .
99%          585            585       Kurtosis              .

.         
. 
. log close _all
      name:  analysis_16
       log:  C:\Users\sethb\Documents\The Brosey Farm\GitHub repositories\The-Brosey-Farm\analytics\Stata_programs\16_tbf_data_2023_analysis.log
  log type:  text
 closed on:  14 Aug 2025, 12:39:58
-------------------------------------------------------------------------------------------------------------------------------------------------------------------------------------------------------------------------------------------------------
