-----------------------------------------------------------------------------------------------------------------------------------------------------------------------------------------------------------------------------------------------
      name:  indicators_25
       log:  C:\Users\sethb\Documents\The Brosey Farm\GitHub repositories\The-Brosey-Farm\analytics\Stata_programs\25_tbf_sales_2024_indicators.log
  log type:  text
 opened on:  17 Dec 2024, 22:43:37

. 
. 
. *************************************************************************************************
. ***                                                                                           ***
. *** Program name: 15_tbf_sales_2024_indicators.do                                             ***
. *** Project: TBF Market Garden 2024                                                                       ***
. *** Purpose: Create Analysis Indicators for TBF Market Garden 2024 sales data                 ***    
. ***                                                                                                                                                                               ***
. *** Contents:                                                                                             ***
. ***    0) SET UP CODE                                                                                         ***
. ***    I) CREATE SALES ANALYSIS INDICATORS                                                    ***
. ***                                                                                           ***
. *** Authors: Seth B. Morgan                                                                               ***
. *** Start date: December 17, 2024                                                                                             ***
. *** Last date modified: December 17, 2024                                                     ***
. ***                                                                                           ***
. *** Notes:                                                                                    ***
. ***                                                                                           ***
. ***                                                                                           ***
. *************************************************************************************************
. 
. clear all

. version 18.0

. set more off

. set varabbrev off

. pause off

. 
. 
. *=========================================================================================
. * 0) SET UP CODE
. *=========================================================================================      
. 
. /* Set seed */
.         set seed 7122024

.         
. /* Define globals */
. 
.         *Root
.         global root "C:\Users\sethb\Documents\The Brosey Farm\GitHub repositories\The-Brosey-Farm\analytics"

.     adopath ++ "$root"
  [1]              "C:\Users\sethb\Documents\The Brosey Farm\GitHub repositories\The-Brosey-Farm\analytics"
  [2]  (BASE)      "C:\Program Files\Stata18\ado\base/"
  [3]  (SITE)      "C:\Program Files\Stata18\ado\site/"
  [4]              "."
  [5]  (PERSONAL)  "C:\Users\sethb\ado\personal/"
  [6]  (PLUS)      "C:\Users\sethb\ado\plus/"
  [7]  (OLDPLACE)  "c:\ado/"

.     
. 
. *=========================================================================================
. * I) CREATE SALES ANALYSIS INDICATORS 
. *=========================================================================================
.         
.         /* Load clean TBF Market Garden 2024 sales data */
.         use "$root\modified_data\tbf_market_garden_sales_2024_clean.dta", clear

.         
.         /* Sales */
.         collapse (sum) sale_value_usd, by(sale_location sale_item)

.         rename sale_value_usd c_sale_value_crop_usd 

.         egen c_sale_value_tot_usd= total(c_sale_value_crop_usd)

.         label variable c_sale_value_crop_usd "sale value (dollars)- crop"

.         label variable c_sale_value_tot_usd "sale value (dollars)- total"

.         tablist sale_location sale_item c_sale_value_crop_usd c_sale_value_tot_usd, sort(v) ab(32)

  +------------------------------------------------------------------------------------------------------------------------------------------------------+
  |               sale_location                           sale_item   c_sale_value_crop_usd   c_sale_value_tot_usd   _Freq_   _Perc_   _CFreq_   _CPerc_ |
  |------------------------------------------------------------------------------------------------------------------------------------------------------|
  | New Carlisle Farmers Market           bean- purple queen (bush)                      32                   1684        1     2.78         1      2.78 |
  | New Carlisle Farmers Market   bean- stringless green pod (bush)                      28                   1684        1     2.78         2      5.56 |
  | New Carlisle Farmers Market                   beet- detroit red                      14                   1684        1     2.78         3      8.33 |
  | New Carlisle Farmers Market         beet- tall top early wonder                      47                   1684        1     2.78         4     11.11 |
  | New Carlisle Farmers Market                 black raspberry jam                      20                   1684        1     2.78         5     13.89 |
  |------------------------------------------------------------------------------------------------------------------------------------------------------|
  | New Carlisle Farmers Market                 broccoli- calabrese                       9                   1684        1     2.78         6     16.67 |
  | New Carlisle Farmers Market          carrot- kaleidoscope blend                      20                   1684        1     2.78         7     19.44 |
  | New Carlisle Farmers Market               carrot- short n sweet                      42                   1684        1     2.78         8     22.22 |
  | New Carlisle Farmers Market                             celosia                       5                   1684        1     2.78         9     25.00 |
  | New Carlisle Farmers Market                   cilantro- calypse                       4                   1684        1     2.78        10     27.78 |
  |------------------------------------------------------------------------------------------------------------------------------------------------------|
  | New Carlisle Farmers Market    coleus- chocolate covered cherry                       3                   1684        1     2.78        11     30.56 |
  | New Carlisle Farmers Market         corn- ornamental, glass gem                       6                   1684        1     2.78        12     33.33 |
  | New Carlisle Farmers Market              eggplant- black beauty                      96                   1684        1     2.78        13     36.11 |
  | New Carlisle Farmers Market                      kale- lacinato                      45                   1684        1     2.78        14     38.89 |
  | New Carlisle Farmers Market             lettuce- red salad bowl                       3                   1684        1     2.78        15     41.67 |
  |------------------------------------------------------------------------------------------------------------------------------------------------------|
  | New Carlisle Farmers Market              marigold- queen sophia                       5                   1684        1     2.78        16     44.44 |
  | New Carlisle Farmers Market                       miscellaneous                      40                   1684        1     2.78        17     47.22 |
  | New Carlisle Farmers Market                     pepper- anaheim                       3                   1684        1     2.78        18     50.00 |
  | New Carlisle Farmers Market         pepper- bull nosed lrg bell                    47.5                   1684        1     2.78        19     52.78 |
  | New Carlisle Farmers Market      pepper- chocolate scotch bonet                      12                   1684        1     2.78        20     55.56 |
  |------------------------------------------------------------------------------------------------------------------------------------------------------|
  | New Carlisle Farmers Market             pepper- jalapeno, early                    42.5                   1684        1     2.78        21     58.33 |
  | New Carlisle Farmers Market                pepper- pimenta puma                      13                   1684        1     2.78        22     61.11 |
  | New Carlisle Farmers Market             pepper- poblano (ancho)                      11                   1684        1     2.78        23     63.89 |
  | New Carlisle Farmers Market               pepper- serrano chili                      22                   1684        1     2.78        24     66.67 |
  | New Carlisle Farmers Market          pepper- sugar rush stripey                       2                   1684        1     2.78        25     69.44 |
  |------------------------------------------------------------------------------------------------------------------------------------------------------|
  | New Carlisle Farmers Market                pepper- sweet banana                      11                   1684        1     2.78        26     72.22 |
  | New Carlisle Farmers Market      pumpkin- early sweet sugar pie                      24                   1684        1     2.78        27     75.00 |
  | New Carlisle Farmers Market     sweet corn- silver queen hybrid                      17                   1684        1     2.78        28     77.78 |
  | New Carlisle Farmers Market        sweet corn- sweetness hybrid                      42                   1684        1     2.78        29     80.56 |
  | New Carlisle Farmers Market               tomato jalapeno salsa                     553                   1684        1     2.78        30     83.33 |
  |------------------------------------------------------------------------------------------------------------------------------------------------------|
  | New Carlisle Farmers Market                        tomato sauce                     250                   1684        1     2.78        31     86.11 |
  | New Carlisle Farmers Market                       tomato- amish                       3                   1684        1     2.78        32     88.89 |
  | New Carlisle Farmers Market                 tomato- cherry roma                      42                   1684        1     2.78        33     91.67 |
  | New Carlisle Farmers Market                        tomato- roma                      47                   1684        1     2.78        34     94.44 |
  | New Carlisle Farmers Market            zinnia- california giant                       5                   1684        1     2.78        35     97.22 |
  |------------------------------------------------------------------------------------------------------------------------------------------------------|
  | The Brosey Farm: farm stand                                  .s                     118                   1684        1     2.78        36    100.00 |
  +------------------------------------------------------------------------------------------------------------------------------------------------------+

.         
.         /* Add TBF 2024 Crop Codes */
.         tempfile pre_crop_codes crop_codes

.         save `pre_crop_codes', replace
(file C:\Users\sethb\AppData\Local\Temp\ST_29f0_00000i.tmp not found)
file C:\Users\sethb\AppData\Local\Temp\ST_29f0_00000i.tmp saved as .dta format

.         
.         import excel "$root\modified_data\tbf_crop_codes_2024.xlsx", firstrow clear
(2 vars, 48 obs)

.         tablist crop crop_code, sort(v) ab(32)

  +---------------------------------------------------------------------------------------+
  |                                crop   crop_code   _Freq_   _Perc_   _CFreq_   _CPerc_ |
  |---------------------------------------------------------------------------------------|
  |                    arrugula- rocket           1        1     2.08         1      2.08 |
  |                        basil- sweet           2        1     2.08         2      4.17 |
  |           bean- purple queen (bush)           3        1     2.08         3      6.25 |
  |   bean- stringless green pod (bush)           4        1     2.08         4      8.33 |
  |                   beet- detroit red           5        1     2.08         5     10.42 |
  |---------------------------------------------------------------------------------------|
  |         beet- tall top early wonder           6        1     2.08         6     12.50 |
  |                 broccoli- calabrese           7        1     2.08         7     14.58 |
  |          carrot- kaleidoscope blend           8        1     2.08         8     16.67 |
  |               carrot- short n sweet           9        1     2.08         9     18.75 |
  |                              catnip          10        1     2.08        10     20.83 |
  |---------------------------------------------------------------------------------------|
  |                            cilantro          11        1     2.08        11     22.92 |
  |                   cilantro- calypse          12        1     2.08        12     25.00 |
  |    coleus- chocolate covered cherry          13        1     2.08        13     27.08 |
  |                coreopsis- ruby kiss          14        1     2.08        14     29.17 |
  |         corn- ornamental, glass gem          15        1     2.08        15     31.25 |
  |---------------------------------------------------------------------------------------|
  |                      dill- elephant          16        1     2.08        16     33.33 |
  |              eggplant- black beauty          17        1     2.08        17     35.42 |
  | garlic- german extra hardy hardneck          18        1     2.08        18     37.50 |
  |                      kale- lacinato          19        1     2.08        19     39.58 |
  |               lettuce- buttercrunch          20        1     2.08        20     41.67 |
  |---------------------------------------------------------------------------------------|
  |               lettuce- four seasons          21        1     2.08        21     43.75 |
  |              lettuce- gourmet blend          22        1     2.08        22     45.83 |
  |             lettuce- red salad bowl          23        1     2.08        23     47.92 |
  |              marigold- queen sophia          24        1     2.08        24     50.00 |
  |                     pepper- anaheim          25        1     2.08        25     52.08 |
  |---------------------------------------------------------------------------------------|
  |         pepper- bull nosed lrg bell          26        1     2.08        26     54.17 |
  |            pepper- califonia wonder          27        1     2.08        27     56.25 |
  |      pepper- chocolate scotch bonet          28        1     2.08        28     58.33 |
  |             pepper- jalapeno, early          29        1     2.08        29     60.42 |
  |                pepper- pimenta puma          30        1     2.08        30     62.50 |
  |---------------------------------------------------------------------------------------|
  |             pepper- poblano (ancho)          31        1     2.08        31     64.58 |
  |               pepper- serrano chili          32        1     2.08        32     66.67 |
  |          pepper- sugar rush stripey          33        1     2.08        33     68.75 |
  |                pepper- sweet banana          34        1     2.08        34     70.83 |
  |              pepper- tiger jalapeno          35        1     2.08        35     72.92 |
  |---------------------------------------------------------------------------------------|
  |          pumpkin- connecticut field          36        1     2.08        36     75.00 |
  |      pumpkin- early sweet sugar pie          37        1     2.08        37     77.08 |
  |                    salvia- victoria          38        1     2.08        38     79.17 |
  |   spinach- bloomsdale long standing          39        1     2.08        39     81.25 |
  |                  sunflower- mammoth          40        1     2.08        40     83.33 |
  |---------------------------------------------------------------------------------------|
  |     sweet corn- silver queen hybrid          41        1     2.08        41     85.42 |
  |        sweet corn- sweetness hybrid          42        1     2.08        42     87.50 |
  |                       tomato- amish          43        1     2.08        43     89.58 |
  |                 tomato- cherry roma          44        1     2.08        44     91.67 |
  |          tomato- fresh salsa hybrid          45        1     2.08        45     93.75 |
  |---------------------------------------------------------------------------------------|
  |                        tomato- roma          46        1     2.08        46     95.83 |
  |            zinnia- california giant          47        1     2.08        47     97.92 |
  |                     zinnia- classic          48        1     2.08        48    100.00 |
  +---------------------------------------------------------------------------------------+

.         save `crop_codes', replace
(file C:\Users\sethb\AppData\Local\Temp\ST_29f0_00000j.tmp not found)
file C:\Users\sethb\AppData\Local\Temp\ST_29f0_00000j.tmp saved as .dta format

.         
.         use `pre_crop_codes', replace

.         rename sale_item crop

.         drop if inlist(crop,".s",".m","tomato sauce","tomato jalapeno salsa", "black raspberry jam") // celosia
(4 observations deleted)

.         merge 1:1 crop using `crop_codes', keep(1 3) 
(variable crop was str33, now str35 to accommodate using data's values)

    Result                      Number of obs
    -----------------------------------------
    Not matched                             2
        from master                         2  (_merge==1)
        from using                          0  (_merge==2)

    Matched                                30  (_merge==3)
    -----------------------------------------

.         replace crop_code= .m if _merge==1 // Celosia was not recorded in the 2024 crop data.
(2 real changes made, 2 to missing)

.         tablist _merge sale_location crop c_sale_value_crop_usd c_sale_value_tot_usd crop_code, sort(v) ab(32)

  +------------------------------------------------------------------------------------------------------------------------------------------------------------------------------------+
  |          _merge                 sale_location                                crop   c_sale_value_crop_usd   c_sale_value_tot_usd   crop_code   _Freq_   _Perc_   _CFreq_   _CPerc_ |
  |------------------------------------------------------------------------------------------------------------------------------------------------------------------------------------|
  | Master only (1)   New Carlisle Farmers Market                             celosia                       5                   1684          .m        1     3.12         1      3.12 |
  | Master only (1)   New Carlisle Farmers Market                       miscellaneous                      40                   1684          .m        1     3.12         2      6.25 |
  |     Matched (3)   New Carlisle Farmers Market           bean- purple queen (bush)                      32                   1684           3        1     3.12         3      9.38 |
  |     Matched (3)   New Carlisle Farmers Market   bean- stringless green pod (bush)                      28                   1684           4        1     3.12         4     12.50 |
  |     Matched (3)   New Carlisle Farmers Market                   beet- detroit red                      14                   1684           5        1     3.12         5     15.62 |
  |------------------------------------------------------------------------------------------------------------------------------------------------------------------------------------|
  |     Matched (3)   New Carlisle Farmers Market         beet- tall top early wonder                      47                   1684           6        1     3.12         6     18.75 |
  |     Matched (3)   New Carlisle Farmers Market                 broccoli- calabrese                       9                   1684           7        1     3.12         7     21.88 |
  |     Matched (3)   New Carlisle Farmers Market          carrot- kaleidoscope blend                      20                   1684           8        1     3.12         8     25.00 |
  |     Matched (3)   New Carlisle Farmers Market               carrot- short n sweet                      42                   1684           9        1     3.12         9     28.12 |
  |     Matched (3)   New Carlisle Farmers Market                   cilantro- calypse                       4                   1684          12        1     3.12        10     31.25 |
  |------------------------------------------------------------------------------------------------------------------------------------------------------------------------------------|
  |     Matched (3)   New Carlisle Farmers Market    coleus- chocolate covered cherry                       3                   1684          13        1     3.12        11     34.38 |
  |     Matched (3)   New Carlisle Farmers Market         corn- ornamental, glass gem                       6                   1684          15        1     3.12        12     37.50 |
  |     Matched (3)   New Carlisle Farmers Market              eggplant- black beauty                      96                   1684          17        1     3.12        13     40.62 |
  |     Matched (3)   New Carlisle Farmers Market                      kale- lacinato                      45                   1684          19        1     3.12        14     43.75 |
  |     Matched (3)   New Carlisle Farmers Market             lettuce- red salad bowl                       3                   1684          23        1     3.12        15     46.88 |
  |------------------------------------------------------------------------------------------------------------------------------------------------------------------------------------|
  |     Matched (3)   New Carlisle Farmers Market              marigold- queen sophia                       5                   1684          24        1     3.12        16     50.00 |
  |     Matched (3)   New Carlisle Farmers Market                     pepper- anaheim                       3                   1684          25        1     3.12        17     53.12 |
  |     Matched (3)   New Carlisle Farmers Market         pepper- bull nosed lrg bell                    47.5                   1684          26        1     3.12        18     56.25 |
  |     Matched (3)   New Carlisle Farmers Market      pepper- chocolate scotch bonet                      12                   1684          28        1     3.12        19     59.38 |
  |     Matched (3)   New Carlisle Farmers Market             pepper- jalapeno, early                    42.5                   1684          29        1     3.12        20     62.50 |
  |------------------------------------------------------------------------------------------------------------------------------------------------------------------------------------|
  |     Matched (3)   New Carlisle Farmers Market                pepper- pimenta puma                      13                   1684          30        1     3.12        21     65.62 |
  |     Matched (3)   New Carlisle Farmers Market             pepper- poblano (ancho)                      11                   1684          31        1     3.12        22     68.75 |
  |     Matched (3)   New Carlisle Farmers Market               pepper- serrano chili                      22                   1684          32        1     3.12        23     71.88 |
  |     Matched (3)   New Carlisle Farmers Market          pepper- sugar rush stripey                       2                   1684          33        1     3.12        24     75.00 |
  |     Matched (3)   New Carlisle Farmers Market                pepper- sweet banana                      11                   1684          34        1     3.12        25     78.12 |
  |------------------------------------------------------------------------------------------------------------------------------------------------------------------------------------|
  |     Matched (3)   New Carlisle Farmers Market      pumpkin- early sweet sugar pie                      24                   1684          37        1     3.12        26     81.25 |
  |     Matched (3)   New Carlisle Farmers Market     sweet corn- silver queen hybrid                      17                   1684          41        1     3.12        27     84.38 |
  |     Matched (3)   New Carlisle Farmers Market        sweet corn- sweetness hybrid                      42                   1684          42        1     3.12        28     87.50 |
  |     Matched (3)   New Carlisle Farmers Market                       tomato- amish                       3                   1684          43        1     3.12        29     90.62 |
  |     Matched (3)   New Carlisle Farmers Market                 tomato- cherry roma                      42                   1684          44        1     3.12        30     93.75 |
  |------------------------------------------------------------------------------------------------------------------------------------------------------------------------------------|
  |     Matched (3)   New Carlisle Farmers Market                        tomato- roma                      47                   1684          46        1     3.12        31     96.88 |
  |     Matched (3)   New Carlisle Farmers Market            zinnia- california giant                       5                   1684          47        1     3.12        32    100.00 |
  +------------------------------------------------------------------------------------------------------------------------------------------------------------------------------------+

.         drop _merge

.         
.         /* Save TBF Market Garden 2024 data with analysis indicators */
.         order crop crop_code sale_location c_sale_value_crop_usd c_sale_value_tot_usd

.         isid crop

.         quietly compress

.         save "$root\modified_data\tbf_market_garden_sales_2024_clean_indicators.dta", replace
file C:\Users\sethb\Documents\The Brosey Farm\GitHub repositories\The-Brosey-Farm\analytics\modified_data\tbf_market_garden_sales_2024_clean_indicators.dta saved

.     
. 
. log close _all
      name:  indicators_25
       log:  C:\Users\sethb\Documents\The Brosey Farm\GitHub repositories\The-Brosey-Farm\analytics\Stata_programs\25_tbf_sales_2024_indicators.log
  log type:  text
 closed on:  17 Dec 2024, 22:43:37
-----------------------------------------------------------------------------------------------------------------------------------------------------------------------------------------------------------------------------------------------
