------------------------------------------------------------------------------------------------------------------------------------------------------------------------------------------------------------------------------------------------------------
      name:  cleaning_31
       log:  C:\Users\sethb\Documents\The Brosey Farm\GitHub repositories\The-Brosey-Farm\analytics\Stata_programs\41_tbf_data_2026_cleaning.log
  log type:  text
 opened on:  24 Mar 2026, 21:09:52

. 
. 
. *************************************************************************************************
. ***                                                                                           ***
. *** Program name: 41_tbf_data_2026_cleaning.do                                                ***
. *** Project: TBF Market Garden 2026                                                                       ***
. *** Purpose: Clean TBF Market Garden 2026 data                                                ***    
. ***                                                                                                                                                                               ***
. *** Contents:                                                                                             ***
. ***    0) SET UP CODE                                                                                         ***
. ***    I) LOAD RAW DATA                                                                       ***
. ***    II) MANAGE VARIABLES                                                                   ***
. ***    III) CLEAN DATA                                                                        ***
. ***    IV) DESCRIPTIVE STATISTICS                                                             ***
. ***                                                                                           ***
. *** Authors: Seth B. Morgan                                                                               ***
. *** Start date: March 24, 2026                                                                                                    ***
. *** Last date modified: March 24, 2026                                                        ***
. ***                                                                                           ***
. *** Notes:                                                                                    ***
. ***                                                                                           ***
. ***                                                                                           ***
. *************************************************************************************************
. 
. clear all

. version 19.5

. set more off

. set varabbrev off

. pause off

. 
. 
. *=========================================================================================
. * 0) SET UP CODE
. *=========================================================================================      
. 
. /* Set seed */
.         set seed 7142026

.         
. /* Define globals */
. 
.         *Root
.         global root "C:\Users\sethb\Documents\The Brosey Farm\GitHub repositories\The-Brosey-Farm\analytics"

.     adopath ++ "$root"
  [1]              "C:\Users\sethb\Documents\The Brosey Farm\GitHub repositories\The-Brosey-Farm\analytics"
  [2]  (BASE)      "C:\Program Files\StataNow19\ado\base/"
  [3]  (SITE)      "C:\Program Files\StataNow19\ado\site/"
  [4]              "."
  [5]  (PERSONAL)  "C:\Users\sethb\ado\personal/"
  [6]  (PLUS)      "C:\Users\sethb\ado\plus/"
  [7]  (OLDPLACE)  "c:\ado/"

.     
. 
. *=========================================================================================
. * I) LOAD RAW DATA 
. *=========================================================================================
. 
.         /* Load raw data */
.         import excel "$root\raw_data\Brosey Farming.xlsx", sheet("data_2026") firstrow clear
(203 vars, 1,011 obs)

.         keep crop-notes

.         drop if missing(crop)
(970 observations deleted)

.         ds 
crop          sow_heatmat   sow_fer~se_2  sow_fer~me_5  transp_har~d  transp_n~t_3  fert_unit_2   path_type_1   path_~te_2_1  path_~pe_3_3  harvest_d~_4  harvest_u~_7  harvest_a~11  harvest_d~15  harvest_u~18  harvest_a~22  harvest_d~26  harvest_u~29
sow_type      sow_heatma~p  sow_fer~te_3  sow_fer~se_5  transp_dat~1  transp_n~d_3  fert_typ~k_3  path_date_1   path_~pe_2_2  path_~te_3_3  harvest_a~_4  harvest_d~_8  harvest_u~11  harvest_a~15  harvest_d~19  harvest_u~22  harvest_a~26  harvest_d~30
sow_date      sow_light_~s  sow_fert~k_3  sow_fer~te_6  transp_med_1  fert_typ~k_1  fert_typ~e_3  path_~pe_1_1  path_~te_2_2  harvest_d~_1  harvest_u~_4  harvest_a~_8  harvest_d~12  harvest_u~15  harvest_a~19  harvest_d~23  harvest_u~26  harvest_a~30
sow_seed_y~r  sow_light_~e  sow_fer~me_3  sow_fert~k_6  transp_n~t_1  fert_typ~e_1  fert_date_3   path_~te_1_1  path_~pe_2_3  harvest_a~_1  harvest_d~_5  harvest_u~_8  harvest_a~12  harvest_d~16  harvest_u~19  harvest_a~23  harvest_d~27  harvest_u~30
sow_med       sow_fer~te_1  sow_fer~se_3  sow_fer~me_6  transp_n~d_1  fert_date_1   fert_amnt_~3  path_~pe_1_2  path_~te_2_3  harvest_u~_1  harvest_a~_5  harvest_d~_9  harvest_u~12  harvest_a~16  harvest_d~20  harvest_u~23  harvest_a~27  notes
sow_cell      sow_fert~k_1  sow_fer~te_4  sow_fer~se_6  transp_dat~2  fert_amnt_~1  fert_unit_3   path_~te_1_2  path_type_3   harvest_d~_2  harvest_u~_5  harvest_a~_9  harvest_d~13  harvest_u~16  harvest_a~20  harvest_d~24  harvest_u~27
sow_no_cel~l  sow_fer~me_1  sow_fert~k_4  sow_fer~te_7  transp_med_2  fert_unit_1   fert_typ~k_4  path_~pe_1_3  path_date_3   harvest_a~_2  harvest_d~_6  harvest_u~_9  harvest_a~13  harvest_d~17  harvest_u~20  harvest_a~24  harvest_d~28
sow_no_see~r  sow_fer~se_1  sow_fer~me_4  sow_fert~k_7  transp_n~t_2  fert_typ~k_2  fert_typ~e_4  path_~te_1_3  path_~pe_3_1  harvest_u~_2  harvest_a~_6  harvest_d~10  harvest_u~13  harvest_a~17  harvest_d~21  harvest_u~24  harvest_a~28
sow_to_ger~s  sow_fer~te_2  sow_fer~se_4  sow_fer~me_7  transp_n~d_2  fert_typ~e_2  fert_date_4   path_type_2   path_~te_3_1  harvest_d~_3  harvest_u~_6  harvest_a~10  harvest_d~14  harvest_u~17  harvest_a~21  harvest_d~25  harvest_u~28
sow_no_ger~r  sow_fert~k_2  sow_fer~te_5  sow_fer~se_7  transp_dat~3  fert_date_2   fert_amnt_~4  path_date_2   path_~pe_3_2  harvest_a~_3  harvest_d~_7  harvest_u~10  harvest_a~14  harvest_d~18  harvest_u~21  harvest_a~25  harvest_d~29
sow_no_thi~r  sow_fer~me_2  sow_fert~k_5  transp_har~t  transp_med_3  fert_amnt_~2  fert_unit_4   path_~pe_2_1  path_~te_3_2  harvest_u~_3  harvest_a~_7  harvest_d~11  harvest_u~14  harvest_a~18  harvest_d~22  harvest_u~25  harvest_a~29

.         
.         /* Save raw TBF Market Garden 2026 data */
.         save "$root\raw_data\tbf_market_garden_data_2026_raw.dta", replace
file C:\Users\sethb\Documents\The Brosey Farm\GitHub repositories\The-Brosey-Farm\analytics\raw_data\tbf_market_garden_data_2026_raw.dta saved

.         export excel "$root\raw_data\tbf_market_garden_data_2026_raw.xlsx", firstrow(variables) replace
file C:\Users\sethb\Documents\The Brosey Farm\GitHub repositories\The-Brosey-Farm\analytics\raw_data\tbf_market_garden_data_2026_raw.xlsx saved

. 
.   
. *=========================================================================================
. * II) MANAGE VARIABLES
. *=========================================================================================  
. 
.         /* Add variable labels */
.         include "$root\Stata_programs\42_tbf_data_2026_labels.do" // This program creates the variable labels.

. /******************************************************************************
> * Copyright (C) The Brosey Farm, LLC. 
> * This code cannot be copied, distributed or used without the express written permission
> * of The Brosey Farm 
> *******************************************************************************/
. 
. 
. *************************************************************************************************
. ***                                                                                           ***
. *** Program name: 42_tbf_data_2026_labels.do                                                  ***
. *** Project: TBF Market Garden 2026                                                                       ***
. *** Purpose: Create variable labels for TBF Market Garden 2024 data                           ***    
. ***                                                                                                                                                                               ***
. *** Contents:                                                                                             ***
. ***    0) SET UP CODE                                                                                         ***
. ***    I) CREATE VARIABLE LABELS                                                              ***
. ***                                                                                           ***
. *** Authors: Seth B. Morgan                                                                               ***
. *** Start date: March 24, 2026                                                                                                ***
. *** Last date modified: March 24, 2026                                                        ***
. ***                                                                                           ***
. *** Notes:                                                                                    ***
. ***   This program will be used as an include file in 41_tbf_data_2026_cleaning.do            ***
. ***                                                                                           ***
. *************************************************************************************************
. 
. 
. capture log close labels_22

. log using "C:\Users\sethb\Documents\The Brosey Farm\GitHub repositories\The-Brosey-Farm\analytics\Stata_programs\32_tbf_data_2026_labels.log", replace name(labels_32)
------------------------------------------------------------------------------------------------------------------------------------------------------------------------------------------------------------------------------------------------------------
      name:  labels_32
       log:  C:\Users\sethb\Documents\The Brosey Farm\GitHub repositories\The-Brosey-Farm\analytics\Stata_programs\32_tbf_data_2026_labels.log
  log type:  text
 opened on:  24 Mar 2026, 21:09:54

. 
. 
. *=========================================================================================
. * I) CREATE VARIABLE LABELS    
. *=========================================================================================
.         
.         label variable crop "crop type"

.         label variable sow_type "seed sowing type"

.         label variable sow_date "seed sowing date"

.         label variable sow_med "seed sowing medium"

.         label variable sow_cell "seed sowing cell type"

.         label variable sow_no_cellrowhill "number of cells/rows/hills sown"

.         label variable sow_no_seed_per "number of seeds sown per cell/row/hill" 

.         label variable sow_no_germ_per "number of seeds germinated per cell/row/hill" 

.         label variable sow_to_germ50_days "number of days to germination (50%)" 

.         label variable sow_no_thin_per "number of seedlings per cell/row/hill after thinning" 

.         label variable sow_heatmat "heat mat used to germinate seedlings" 

.         label variable sow_heatmat_temp "temperature (F) of heat mat used to germinate seedlings" 

.         label variable sow_light_hrs "number of hours of lighting" 

.         label variable sow_light_type "lighting type"

.         
.         /* Indoor fertilizing */
.         forval x=1/7 {
  2.                 label variable sow_fert_date_`x' "date of fertilizer applied to indoor seedlings: round `x'"
  3.                 label variable sow_fert_type_npk_`x' "npk of fertilizer applied to indoor seedlings: round `x'"
  4.                 label variable sow_fert_type_name_`x' "name of fertilizer applied to indoor seedlings: round `x'"
  5.                 label variable sow_fert_dose_`x' "dose of fertilizer applied to indoor seedlings: round `x'"
  6.         }

.         
.         /* Transplanting */
.         label variable transp_harden_date_srt "transplant harden off start date"

.         label variable transp_harden_date_end "transplant harden off end date"

.         
.         forval x=1/3 {
  2.                 label variable transp_date_`x' "transplant date: round `x'"
  3.                 label variable transp_med_`x' "transplant medium: round `x'"
  4.                 label variable transp_no_srt_`x' "starting number of transplants: round `x'"
  5.                 label variable transp_no_end_`x' "ending number of transplants: round `x'"
  6.         }

.         
.         /* Outdoor fertilizing */
.         forval x=1/4 {
  2.                 label variable fert_type_npk_`x' "npk of fertilizer applied to indoor seedlings: round `x'"
  3.                 label variable fert_type_name_`x' "name of fertilizer applied to indoor seedlings: round `x'"
  4.                 label variable fert_date_`x' "date of fertilizer applied to crop: round `x'"
  5.                 label variable fert_amnt_per_`x' "amount of fertilizer applied per plant: round `x'"
  6.                 label variable fert_unit_`x' "unit of fertilizer applied to crop: round `x'"
  7.         }

.         
.         /* Pest management */
.         forval x=1/3 {
  2.                 label variable path_type_`x' "pathogen type: pathogen `x'"
  3.                 label variable path_date_`x' "pathogen date: pathogen `x'"
  4.                 forval y=1/3 {
  5.                         label variable path_ipm_type_`x'_`y' "ipm type, type `y': pathogen `x'"
  6.                         label variable path_ipm_date_`x'_`y' "ipm date, type `y': pathogen `x'"
  7.                 }
  8.         }

.         
.         /* Harvesting */
.         forval x=1/30 {
  2.                 label variable harvest_date_`x' "date of harvest: round `x'"
  3.                 label variable harvest_amnt_`x' "harvested amount (wet): round `x'"
  4.                 label variable harvest_unit_`x' "unit of harvest: round `x'"
  5.         }

.         
. log close labels_32
      name:  labels_32
       log:  C:\Users\sethb\Documents\The Brosey Farm\GitHub repositories\The-Brosey-Farm\analytics\Stata_programs\32_tbf_data_2026_labels.log
  log type:  text
 closed on:  24 Mar 2026, 21:09:54
------------------------------------------------------------------------------------------------------------------------------------------------------------------------------------------------------------------------------------------------------------

. 
. /*      
>         /* Manage variable type */
>         tostring *type*, replace // All "type" variables are intended to be character strings. Empty "type" variables are read in as byte numeric. Convert those to character strings.
> 
>         /* Manage date variables */
>         foreach var of varlist *date* {
>                 display as input "Variable: `var'"
>                 capture confirm string var `var'
>                 if _rc!=0 tostring `var', replace
>                 
>                 tabulate `var', missing
>                 replace `var'="" if `var'=="."
>                 tabulate `var', missing
>                 *pause
>                 
>                 generate `var'_year= substr(`var',1,4)
>                 generate `var'_month= substr(`var',6,2)
>                 generate `var'_day= substr(`var',9,2)
>                 foreach var2 of varlist `var'_year `var'_month `var'_day {
>                         confirm string var `var2'
>                         destring `var2', replace
>                 }
>                 generate `var'_stata= mdy(`var'_month, `var'_day, `var'_year)
>                 drop `var'_year `var'_month `var'_day
>                 local varlab : variable label `var'
>                 label variable `var'_stata "`varlab'- stata"            
>                 format `var'_stata %td
>                 order `var'_stata, after(`var')
>         }
>                 
>         /* Convert categorical strings into categorical numerics */
>         local cat_str_list crop sow_med *type*
>         tab1 `cat_str_list', missing
>         foreach var of varlist `cat_str_list' {
>                 replace `var'="" if `var'=="."
>                 encode (`var'), generate(`var'_code)
>                 tablist `var' `var'_code, sort(v) ab(32)
>                 tablist `var' `var'_code, sort(v) nolabel ab(32)
>                 local varlab : variable label `var'
>                 label variable `var'_code "`varlab'- code"
>                 order `var'_code, after(`var')
>                 *pause
>         }
>         
>         /* Export codes for reference in other programs/scripts */
>         tempfile pre_code_export
>         save `pre_code_export'
>         
>         tablist crop crop_code, sort(v) nolabel
>         keep crop crop_code
>         duplicates drop
>         tablist crop crop_code, sort(v) nolabel
>         sort crop_code
>         export excel "$root\modified_data\tbf_crop_codes_2026.xlsx", firstrow(variables) nolabel replace
>         
>         use `pre_code_export', replace
>         
>         /* Convert yes/no variables from character strings to numerics with "yes" (1) /"no" (0) value lables */
>         local cat_yn_list sow_heatmat
>         foreach var of varlist `cat_yn_list' {
>                 tabulate `var', generate(`var'_code)
>                 drop `var'_code1
>                 rename `var'_code2 `var'_code
>                 tablist `var' `var'_code, sort(v) ab(32)
>                 tablist `var' `var'_code, sort(v) nolabel ab(32)
>                 local varlab : variable label `var'
>                 label variable `var'_code "`varlab'- code"
>                 order `var'_code, after(`var')
>                 *pause
>         }
>         
>     
> *=========================================================================================
> * III) CLEAN DATA
> *=========================================================================================     
> 
>         /* Clean missing values */
>                 
>                 *-> Crop
>                 foreach var of varlist crop sow_type sow_med {
>                         assert !missing(`var')
>                 }
>                 
>                 *-> Non-seeded transplants (externally sourced transplants)
>                 count if sow_type=="external transplant"
>                 if `r(N)' != 0 {
>                         foreach var of varlist sow_date-transp_harden_date_end_stata { // These variables are for crops sown on the farm and thus should be missing if the crop was sourced externally (purchase, gift, etc.).
>                                 tablist sow_type `var', sort(v) ab(32) nolabel
>                                 assert missing(`var') if sow_type=="external transplant"
>                                 capture confirm numeric variable `var'
>                                 if _rc==0 replace `var'= .s if sow_type=="external transplant"
>                                 else replace `var'= ".s" if sow_type=="external transplant"
>                                 tablist sow_type `var', sort(v) ab(32) nolabel
>                         }                       
>                 }
> 
>                 *-> Seedlings variables: *sow* transp*
>                 foreach var of varlist sow_cell sow_heatmat-transp_no_end_3 { // These variables are for crops sown indoors and thus should be missing if the crop was directly seeded in the garden.
>                         display as input _n "Variable: `var'"
>                         tablist sow_med sow_med_code `var', sort(v) ab(32) nolabel
>                         assert missing(`var') if inlist(sow_med, "raised bed- ground", "rasied bed- frame")
>                         capture confirm numeric variable `var'
>                         if _rc==0 replace `var'= .s if inlist(sow_med, "raised bed- ground", "rasied bed- frame")
>                         else replace `var'= ".s" if inlist(sow_med, "raised bed- ground", "rasied bed- frame")
>                         tablist sow_med sow_med_code `var', sort(v) ab(32) nolabel
>                 }
> 
>                 tablist crop crop_code, sort(v) nolabel
>                 tablist crop crop_code sow_date if crop_code==18, sort(v) ab(32) nolabel
>                 assert sow_to_germ50_days==. if crop=="garlic- german white hardneck" & sow_date=="2026-11-19" // Garlic doesn't bulb/produce leaves above ground until the following season.
>                 replace sow_to_germ50_days=.s if crop=="garlic- german white hardneck" & sow_date=="2026-11-19"
>                 foreach var of varlist sow_no_germ_per sow_no_thin_per {        
>                         assert `var'==. if crop=="garlic- german white hardneck" & sow_date=="2026-11-19"
>                         replace `var'=.s if crop=="garlic- german white hardneck" & sow_date=="2026-11-19" // For the 2026-planted garlic that has not germinated yet. Planted in FA25 for harvest SU26.
>                 }
>                 tablist sow_heatmat sow_heatmat_temp, sort(v) ab(32) // Heat temperature of heat mat should be missing if heat mat not used. 
>                 assert sow_heatmat_temp==. if sow_heatmat=="no"
>                 replace sow_heatmat_temp=.s if sow_heatmat=="no"
>                 tablist sow_heatmat sow_heatmat_temp, sort(v) ab(32)
>                 
>                 forval x= 2/7 {
>                         egen misscount_`x'= rowmiss(sow_fert_date_`x'-sow_fert_dose_`x')
>                         foreach var of varlist sow_fert_date_`x'-sow_fert_dose_`x' {
>                                 capture confirm numeric variable `var'
>                                 if _rc==0 replace `var'=.s if misscount_`x'==7
>                                 else replace `var'=".s" if misscount_`x'==7
>                         }
>                         drop misscount_`x'
>                 }
>                 
>                 egen misscount= rowmiss(transp_date_2-transp_no_end_2)
>                 foreach var of varlist transp_date_2-transp_no_end_2 {
>                         capture confirm numeric variable `var'
>                         if _rc==0 replace `var'=.s if misscount==5
>                         else replace `var'=".s" if misscount==5
>                 }
>                 drop misscount
>                 
>                 forval x= 1/4 {
>                         egen misscount_`x'= rowmiss(fert_type_npk_`x'-fert_unit_`x')
>                         foreach var of varlist fert_type_npk_`x'-fert_unit_`x' {
>                                 capture confirm numeric variable `var'
>                                 if _rc==0 replace `var'=.s if misscount_`x'==8
>                                 else replace `var'=".s" if misscount_`x'==8
>                         }
>                         drop misscount_`x'
>                 }
>                 
>                 forval x= 1/3 {
>                         egen misscount_`x'= rowmiss(path_type_`x'-path_ipm_date_`x'_3_stata)
>                         foreach var of varlist path_type_`x'-path_ipm_date_`x'_3_stata {
>                                 capture confirm numeric variable `var'
>                                 if _rc==0 replace `var'=.s if misscount_`x'==16
>                                 else replace `var'=".s" if misscount_`x'==16
>                         }
>                         order misscount_`x', after(path_ipm_date_`x'_3_stata)
>                         drop misscount_`x'
>                 }
>         
>                 forval x= 1/3 {
>                         forval y= 1/3 {
>                                 egen misscount_`x'_`y'= rowmiss(path_ipm_type_`x'_`y'-path_ipm_date_`x'_`y'_stata)
>                                 foreach var of varlist path_ipm_type_`x'_`y'-path_ipm_date_`x'_`y'_stata {
>                                         capture confirm numeric variable `var'
>                                         if _rc==0 replace `var'=.s if misscount_`x'_`y'==4
>                                         else replace `var'=".s" if misscount_`x'_`y'==4
>                                 }
>                                 order misscount_`x'_`y', after(path_ipm_date_`x'_`y'_stata)
>                                 drop misscount_`x'_`y'
>                         }
>                 }
>         
>                 forval x= 1/30 {
>                         egen misscount_`x'= rowmiss(harvest_date_`x'-harvest_unit_`x')
>                         foreach var of varlist harvest_date_`x'-harvest_unit_`x' {
>                                 capture confirm numeric variable `var'
>                                 if _rc==0 replace `var'=.s if misscount_`x'==4
>                                 else replace `var'=".s" if misscount_`x'==4
>                         }
>                         order misscount_`x', after(harvest_unit_`x')
>                         drop misscount_`x'
>                 }
>                                 
>                 *-> Notes
>                 replace notes=".s" if missing(notes)
> 
>                 *-> Check all missing values have been cleaned
>                 foreach var of varlist _all {
>                         display as input "Variable: `var'"
>                         capture confirm numeric variable `var'
>                         if _rc==0 {
>                                 replace `var'= .m if `var'==.
>                                 count if `var'==.m
>                                 if r(N)>0 {
>                                         tablist crop sow_type sow_date sow_med `var' if `var'==.m, sort(v) ab(32)
>                                         *pause
>                                 }
>                         }
>                         else {
>                                 replace `var'=".m" if `var'==""
>                                 count if `var'==".m"
>                                 if r(N)>0 {
>                                         tablist crop sow_type sow_date sow_med `var' if `var'==".m", sort(v) ab(32)
>                                         *pause
>                                 }
>                         }
>                 }
> 
>         /* Save clean TBF Market Garden 2026 data */
>         ***isid crop sow_date
>         quietly compress
>         save "$root\modified_data\tbf_market_garden_data_2026_clean.dta", replace
>         export excel "$root\modified_data\tbf_market_garden_data_2026_clean.xlsx", firstrow(variables) replace
> */      
.  
. *=========================================================================================
. * IV) DESCRIPTIVE STATISTICS
. *=========================================================================================     
.         
.         describe _all

Variable      Storage   Display    Value
    name         type    format    label      Variable label
------------------------------------------------------------------------------------------------------------------------------------------------------------------------------------------------------------------------------------------------------------
crop            str35   %35s                  crop type
sow_type        str12   %12s                  seed sowing type
sow_date        str10   %10s                  seed sowing date
sow_seed_year   int     %10.0g                sow_seed_year
sow_med         str17   %17s                  seed sowing medium
sow_cell        int     %10.0g                seed sowing cell type
sow_no_cellro~l byte    %10.0g                number of cells/rows/hills sown
sow_no_seed_per byte    %10.0g                number of seeds sown per cell/row/hill
sow_to_germ50~s byte    %10.0g                number of days to germination (50%)
sow_no_germ_per byte    %10.0g                number of seeds germinated per cell/row/hill
sow_no_thin_per byte    %10.0g                number of seedlings per cell/row/hill after thinning
sow_heatmat     str3    %9s                   heat mat used to germinate seedlings
sow_heatmat_t~p byte    %10.0g                temperature (F) of heat mat used to germinate seedlings
sow_light_hrs   byte    %10.0g                number of hours of lighting
sow_light_type  str7    %9s                   lighting type
sow_fert_date_1 str10   %10s                  date of fertilizer applied to indoor seedlings: round 1
sow_fert_ty~k_1 str5    %9s                   npk of fertilizer applied to indoor seedlings: round 1
sow_fert_ty~e_1 str21   %21s                  name of fertilizer applied to indoor seedlings: round 1
sow_fert_dose_1 str4    %9s                   dose of fertilizer applied to indoor seedlings: round 1
sow_fert_date_2 byte    %10.0g                date of fertilizer applied to indoor seedlings: round 2
sow_fert_ty~k_2 byte    %10.0g                npk of fertilizer applied to indoor seedlings: round 2
sow_fert_ty~e_2 byte    %10.0g                name of fertilizer applied to indoor seedlings: round 2
sow_fert_dose_2 byte    %10.0g                dose of fertilizer applied to indoor seedlings: round 2
sow_fert_date_3 byte    %10.0g                date of fertilizer applied to indoor seedlings: round 3
sow_fert_ty~k_3 byte    %10.0g                npk of fertilizer applied to indoor seedlings: round 3
sow_fert_ty~e_3 byte    %10.0g                name of fertilizer applied to indoor seedlings: round 3
sow_fert_dose_3 byte    %10.0g                dose of fertilizer applied to indoor seedlings: round 3
sow_fert_date_4 byte    %10.0g                date of fertilizer applied to indoor seedlings: round 4
sow_fert_ty~k_4 byte    %10.0g                npk of fertilizer applied to indoor seedlings: round 4
sow_fert_ty~e_4 byte    %10.0g                name of fertilizer applied to indoor seedlings: round 4
sow_fert_dose_4 byte    %10.0g                dose of fertilizer applied to indoor seedlings: round 4
sow_fert_date_5 byte    %10.0g                date of fertilizer applied to indoor seedlings: round 5
sow_fert_ty~k_5 byte    %10.0g                npk of fertilizer applied to indoor seedlings: round 5
sow_fert_ty~e_5 byte    %10.0g                name of fertilizer applied to indoor seedlings: round 5
sow_fert_dose_5 byte    %10.0g                dose of fertilizer applied to indoor seedlings: round 5
sow_fert_date_6 byte    %10.0g                date of fertilizer applied to indoor seedlings: round 6
sow_fert_ty~k_6 byte    %10.0g                npk of fertilizer applied to indoor seedlings: round 6
sow_fert_ty~e_6 byte    %10.0g                name of fertilizer applied to indoor seedlings: round 6
sow_fert_dose_6 byte    %10.0g                dose of fertilizer applied to indoor seedlings: round 6
sow_fert_date_7 byte    %10.0g                date of fertilizer applied to indoor seedlings: round 7
sow_fert_ty~k_7 byte    %10.0g                npk of fertilizer applied to indoor seedlings: round 7
sow_fert_ty~e_7 byte    %10.0g                name of fertilizer applied to indoor seedlings: round 7
sow_fert_dose_7 byte    %10.0g                dose of fertilizer applied to indoor seedlings: round 7
transp_harden~t byte    %10.0g                transplant harden off start date
transp_harden~d byte    %10.0g                transplant harden off end date
transp_date_1   byte    %10.0g                transplant date: round 1
transp_med_1    byte    %10.0g                transplant medium: round 1
transp_no_srt_1 byte    %10.0g                starting number of transplants: round 1
transp_no_end_1 byte    %10.0g                ending number of transplants: round 1
transp_date_2   byte    %10.0g                transplant date: round 2
transp_med_2    byte    %10.0g                transplant medium: round 2
transp_no_srt_2 byte    %10.0g                starting number of transplants: round 2
transp_no_end_2 byte    %10.0g                ending number of transplants: round 2
transp_date_3   byte    %10.0g                transplant date: round 3
transp_med_3    byte    %10.0g                transplant medium: round 3
transp_no_srt_3 byte    %10.0g                starting number of transplants: round 3
transp_no_end_3 byte    %10.0g                ending number of transplants: round 3
fert_type_npk_1 byte    %10.0g                npk of fertilizer applied to indoor seedlings: round 1
fert_type_nam~1 byte    %10.0g                name of fertilizer applied to indoor seedlings: round 1
fert_date_1     byte    %10.0g                date of fertilizer applied to crop: round 1
fert_amnt_per_1 byte    %10.0g                amount of fertilizer applied per plant: round 1
fert_unit_1     byte    %10.0g                unit of fertilizer applied to crop: round 1
fert_type_npk_2 byte    %10.0g                npk of fertilizer applied to indoor seedlings: round 2
fert_type_nam~2 byte    %10.0g                name of fertilizer applied to indoor seedlings: round 2
fert_date_2     byte    %10.0g                date of fertilizer applied to crop: round 2
fert_amnt_per_2 byte    %10.0g                amount of fertilizer applied per plant: round 2
fert_unit_2     byte    %10.0g                unit of fertilizer applied to crop: round 2
fert_type_npk_3 byte    %10.0g                npk of fertilizer applied to indoor seedlings: round 3
fert_type_nam~3 byte    %10.0g                name of fertilizer applied to indoor seedlings: round 3
fert_date_3     byte    %10.0g                date of fertilizer applied to crop: round 3
fert_amnt_per_3 byte    %10.0g                amount of fertilizer applied per plant: round 3
fert_unit_3     byte    %10.0g                unit of fertilizer applied to crop: round 3
fert_type_npk_4 byte    %10.0g                npk of fertilizer applied to indoor seedlings: round 4
fert_type_nam~4 byte    %10.0g                name of fertilizer applied to indoor seedlings: round 4
fert_date_4     byte    %10.0g                date of fertilizer applied to crop: round 4
fert_amnt_per_4 byte    %10.0g                amount of fertilizer applied per plant: round 4
fert_unit_4     byte    %10.0g                unit of fertilizer applied to crop: round 4
path_type_1     byte    %10.0g                pathogen type: pathogen 1
path_date_1     byte    %10.0g                pathogen date: pathogen 1
path_ipm_ty~1_1 byte    %10.0g                ipm type, type 1: pathogen 1
path_ipm_da~1_1 byte    %10.0g                ipm date, type 1: pathogen 1
path_ipm_ty~1_2 byte    %10.0g                ipm type, type 2: pathogen 1
path_ipm_da~1_2 byte    %10.0g                ipm date, type 2: pathogen 1
path_ipm_ty~1_3 byte    %10.0g                ipm type, type 3: pathogen 1
path_ipm_da~1_3 byte    %10.0g                ipm date, type 3: pathogen 1
path_type_2     byte    %10.0g                pathogen type: pathogen 2
path_date_2     byte    %10.0g                pathogen date: pathogen 2
path_ipm_ty~2_1 byte    %10.0g                ipm type, type 1: pathogen 2
path_ipm_da~2_1 byte    %10.0g                ipm date, type 1: pathogen 2
path_ipm_ty~2_2 byte    %10.0g                ipm type, type 2: pathogen 2
path_ipm_da~2_2 byte    %10.0g                ipm date, type 2: pathogen 2
path_ipm_ty~2_3 byte    %10.0g                ipm type, type 3: pathogen 2
path_ipm_da~2_3 byte    %10.0g                ipm date, type 3: pathogen 2
path_type_3     byte    %10.0g                pathogen type: pathogen 3
path_date_3     byte    %10.0g                pathogen date: pathogen 3
path_ipm_ty~3_1 byte    %10.0g                ipm type, type 1: pathogen 3
path_ipm_da~3_1 byte    %10.0g                ipm date, type 1: pathogen 3
path_ipm_ty~3_2 byte    %10.0g                ipm type, type 2: pathogen 3
path_ipm_da~3_2 byte    %10.0g                ipm date, type 2: pathogen 3
path_ipm_ty~3_3 byte    %10.0g                ipm type, type 3: pathogen 3
path_ipm_da~3_3 byte    %10.0g                ipm date, type 3: pathogen 3
harvest_date_1  byte    %10.0g                date of harvest: round 1
harvest_amnt_1  byte    %10.0g                harvested amount (wet): round 1
harvest_unit_1  byte    %10.0g                unit of harvest: round 1
harvest_date_2  byte    %10.0g                date of harvest: round 2
harvest_amnt_2  byte    %10.0g                harvested amount (wet): round 2
harvest_unit_2  byte    %10.0g                unit of harvest: round 2
harvest_date_3  byte    %10.0g                date of harvest: round 3
harvest_amnt_3  byte    %10.0g                harvested amount (wet): round 3
harvest_unit_3  byte    %10.0g                unit of harvest: round 3
harvest_date_4  byte    %10.0g                date of harvest: round 4
harvest_amnt_4  byte    %10.0g                harvested amount (wet): round 4
harvest_unit_4  byte    %10.0g                unit of harvest: round 4
harvest_date_5  byte    %10.0g                date of harvest: round 5
harvest_amnt_5  byte    %10.0g                harvested amount (wet): round 5
harvest_unit_5  byte    %10.0g                unit of harvest: round 5
harvest_date_6  byte    %10.0g                date of harvest: round 6
harvest_amnt_6  byte    %10.0g                harvested amount (wet): round 6
harvest_unit_6  byte    %10.0g                unit of harvest: round 6
harvest_date_7  byte    %10.0g                date of harvest: round 7
harvest_amnt_7  byte    %10.0g                harvested amount (wet): round 7
harvest_unit_7  byte    %10.0g                unit of harvest: round 7
harvest_date_8  byte    %10.0g                date of harvest: round 8
harvest_amnt_8  byte    %10.0g                harvested amount (wet): round 8
harvest_unit_8  byte    %10.0g                unit of harvest: round 8
harvest_date_9  byte    %10.0g                date of harvest: round 9
harvest_amnt_9  byte    %10.0g                harvested amount (wet): round 9
harvest_unit_9  byte    %10.0g                unit of harvest: round 9
harvest_date_10 byte    %10.0g                date of harvest: round 10
harvest_amnt_10 byte    %10.0g                harvested amount (wet): round 10
harvest_unit_10 byte    %10.0g                unit of harvest: round 10
harvest_date_11 byte    %10.0g                date of harvest: round 11
harvest_amnt_11 byte    %10.0g                harvested amount (wet): round 11
harvest_unit_11 byte    %10.0g                unit of harvest: round 11
harvest_date_12 byte    %10.0g                date of harvest: round 12
harvest_amnt_12 byte    %10.0g                harvested amount (wet): round 12
harvest_unit_12 byte    %10.0g                unit of harvest: round 12
harvest_date_13 byte    %10.0g                date of harvest: round 13
harvest_amnt_13 byte    %10.0g                harvested amount (wet): round 13
harvest_unit_13 byte    %10.0g                unit of harvest: round 13
harvest_date_14 byte    %10.0g                date of harvest: round 14
harvest_amnt_14 byte    %10.0g                harvested amount (wet): round 14
harvest_unit_14 byte    %10.0g                unit of harvest: round 14
harvest_date_15 byte    %10.0g                date of harvest: round 15
harvest_amnt_15 byte    %10.0g                harvested amount (wet): round 15
harvest_unit_15 byte    %10.0g                unit of harvest: round 15
harvest_date_16 byte    %10.0g                date of harvest: round 16
harvest_amnt_16 byte    %10.0g                harvested amount (wet): round 16
harvest_unit_16 byte    %10.0g                unit of harvest: round 16
harvest_date_17 byte    %10.0g                date of harvest: round 17
harvest_amnt_17 byte    %10.0g                harvested amount (wet): round 17
harvest_unit_17 byte    %10.0g                unit of harvest: round 17
harvest_date_18 byte    %10.0g                date of harvest: round 18
harvest_amnt_18 byte    %10.0g                harvested amount (wet): round 18
harvest_unit_18 byte    %10.0g                unit of harvest: round 18
harvest_date_19 byte    %10.0g                date of harvest: round 19
harvest_amnt_19 byte    %10.0g                harvested amount (wet): round 19
harvest_unit_19 byte    %10.0g                unit of harvest: round 19
harvest_date_20 byte    %10.0g                date of harvest: round 20
harvest_amnt_20 byte    %10.0g                harvested amount (wet): round 20
harvest_unit_20 byte    %10.0g                unit of harvest: round 20
harvest_date_21 byte    %10.0g                date of harvest: round 21
harvest_amnt_21 byte    %10.0g                harvested amount (wet): round 21
harvest_unit_21 byte    %10.0g                unit of harvest: round 21
harvest_date_22 byte    %10.0g                date of harvest: round 22
harvest_amnt_22 byte    %10.0g                harvested amount (wet): round 22
harvest_unit_22 byte    %10.0g                unit of harvest: round 22
harvest_date_23 byte    %10.0g                date of harvest: round 23
harvest_amnt_23 byte    %10.0g                harvested amount (wet): round 23
harvest_unit_23 byte    %10.0g                unit of harvest: round 23
harvest_date_24 byte    %10.0g                date of harvest: round 24
harvest_amnt_24 byte    %10.0g                harvested amount (wet): round 24
harvest_unit_24 byte    %10.0g                unit of harvest: round 24
harvest_date_25 byte    %10.0g                date of harvest: round 25
harvest_amnt_25 byte    %10.0g                harvested amount (wet): round 25
harvest_unit_25 byte    %10.0g                unit of harvest: round 25
harvest_date_26 byte    %10.0g                date of harvest: round 26
harvest_amnt_26 byte    %10.0g                harvested amount (wet): round 26
harvest_unit_26 byte    %10.0g                unit of harvest: round 26
harvest_date_27 byte    %10.0g                date of harvest: round 27
harvest_amnt_27 byte    %10.0g                harvested amount (wet): round 27
harvest_unit_27 byte    %10.0g                unit of harvest: round 27
harvest_date_28 byte    %10.0g                date of harvest: round 28
harvest_amnt_28 byte    %10.0g                harvested amount (wet): round 28
harvest_unit_28 byte    %10.0g                unit of harvest: round 28
harvest_date_29 byte    %10.0g                date of harvest: round 29
harvest_amnt_29 byte    %10.0g                harvested amount (wet): round 29
harvest_unit_29 byte    %10.0g                unit of harvest: round 29
harvest_date_30 byte    %10.0g                date of harvest: round 30
harvest_amnt_30 byte    %10.0g                harvested amount (wet): round 30
harvest_unit_30 byte    %10.0g                unit of harvest: round 30
notes           str30   %30s                  notes

. 
. 
. log close _all
      name:  cleaning_31
       log:  C:\Users\sethb\Documents\The Brosey Farm\GitHub repositories\The-Brosey-Farm\analytics\Stata_programs\41_tbf_data_2026_cleaning.log
  log type:  text
 closed on:  24 Mar 2026, 21:09:54
------------------------------------------------------------------------------------------------------------------------------------------------------------------------------------------------------------------------------------------------------------
